[2024-12-24 16:21:36,605] {processor.py:153} INFO - Started process (PID=28260) to work on /home/arthur/pipeline_tweets/venv/lib/python3.9/site-packages/airflow/example_dags/plugins/workday.py
[2024-12-24 16:21:36,605] {processor.py:641} INFO - Processing file /home/arthur/pipeline_tweets/venv/lib/python3.9/site-packages/airflow/example_dags/plugins/workday.py for tasks to queue
[2024-12-24 16:21:36,605] {logging_mixin.py:115} INFO - [2024-12-24 16:21:36,605] {dagbag.py:507} INFO - Filling up the DagBag from /home/arthur/pipeline_tweets/venv/lib/python3.9/site-packages/airflow/example_dags/plugins/workday.py
[2024-12-24 16:21:36,607] {processor.py:653} WARNING - No viable dags retrieved from /home/arthur/pipeline_tweets/venv/lib/python3.9/site-packages/airflow/example_dags/plugins/workday.py
[2024-12-24 16:21:36,614] {processor.py:161} INFO - Processing /home/arthur/pipeline_tweets/venv/lib/python3.9/site-packages/airflow/example_dags/plugins/workday.py took 0.012 seconds
[2024-12-24 16:22:07,389] {processor.py:153} INFO - Started process (PID=28454) to work on /home/arthur/pipeline_tweets/venv/lib/python3.9/site-packages/airflow/example_dags/plugins/workday.py
[2024-12-24 16:22:07,390] {processor.py:641} INFO - Processing file /home/arthur/pipeline_tweets/venv/lib/python3.9/site-packages/airflow/example_dags/plugins/workday.py for tasks to queue
[2024-12-24 16:22:07,390] {logging_mixin.py:115} INFO - [2024-12-24 16:22:07,390] {dagbag.py:507} INFO - Filling up the DagBag from /home/arthur/pipeline_tweets/venv/lib/python3.9/site-packages/airflow/example_dags/plugins/workday.py
[2024-12-24 16:22:07,391] {processor.py:653} WARNING - No viable dags retrieved from /home/arthur/pipeline_tweets/venv/lib/python3.9/site-packages/airflow/example_dags/plugins/workday.py
[2024-12-24 16:22:07,399] {processor.py:161} INFO - Processing /home/arthur/pipeline_tweets/venv/lib/python3.9/site-packages/airflow/example_dags/plugins/workday.py took 0.011 seconds
[2024-12-24 16:22:38,138] {processor.py:153} INFO - Started process (PID=28588) to work on /home/arthur/pipeline_tweets/venv/lib/python3.9/site-packages/airflow/example_dags/plugins/workday.py
[2024-12-24 16:22:38,139] {processor.py:641} INFO - Processing file /home/arthur/pipeline_tweets/venv/lib/python3.9/site-packages/airflow/example_dags/plugins/workday.py for tasks to queue
[2024-12-24 16:22:38,139] {logging_mixin.py:115} INFO - [2024-12-24 16:22:38,139] {dagbag.py:507} INFO - Filling up the DagBag from /home/arthur/pipeline_tweets/venv/lib/python3.9/site-packages/airflow/example_dags/plugins/workday.py
[2024-12-24 16:22:38,141] {processor.py:653} WARNING - No viable dags retrieved from /home/arthur/pipeline_tweets/venv/lib/python3.9/site-packages/airflow/example_dags/plugins/workday.py
[2024-12-24 16:22:38,148] {processor.py:161} INFO - Processing /home/arthur/pipeline_tweets/venv/lib/python3.9/site-packages/airflow/example_dags/plugins/workday.py took 0.013 seconds
[2024-12-24 16:22:46,137] {processor.py:153} INFO - Started process (PID=28625) to work on /home/arthur/pipeline_tweets/venv/lib/python3.9/site-packages/airflow/example_dags/plugins/workday.py
[2024-12-24 16:22:46,137] {processor.py:641} INFO - Processing file /home/arthur/pipeline_tweets/venv/lib/python3.9/site-packages/airflow/example_dags/plugins/workday.py for tasks to queue
[2024-12-24 16:22:46,138] {logging_mixin.py:115} INFO - [2024-12-24 16:22:46,138] {dagbag.py:507} INFO - Filling up the DagBag from /home/arthur/pipeline_tweets/venv/lib/python3.9/site-packages/airflow/example_dags/plugins/workday.py
[2024-12-24 16:22:46,139] {processor.py:653} WARNING - No viable dags retrieved from /home/arthur/pipeline_tweets/venv/lib/python3.9/site-packages/airflow/example_dags/plugins/workday.py
[2024-12-24 16:22:46,146] {processor.py:161} INFO - Processing /home/arthur/pipeline_tweets/venv/lib/python3.9/site-packages/airflow/example_dags/plugins/workday.py took 0.011 seconds
[2024-12-24 16:23:50,555] {processor.py:153} INFO - Started process (PID=28771) to work on /home/arthur/pipeline_tweets/venv/lib/python3.9/site-packages/airflow/example_dags/plugins/workday.py
[2024-12-24 16:23:50,555] {processor.py:641} INFO - Processing file /home/arthur/pipeline_tweets/venv/lib/python3.9/site-packages/airflow/example_dags/plugins/workday.py for tasks to queue
[2024-12-24 16:23:50,556] {logging_mixin.py:115} INFO - [2024-12-24 16:23:50,556] {dagbag.py:507} INFO - Filling up the DagBag from /home/arthur/pipeline_tweets/venv/lib/python3.9/site-packages/airflow/example_dags/plugins/workday.py
[2024-12-24 16:23:50,557] {processor.py:653} WARNING - No viable dags retrieved from /home/arthur/pipeline_tweets/venv/lib/python3.9/site-packages/airflow/example_dags/plugins/workday.py
[2024-12-24 16:23:50,563] {processor.py:161} INFO - Processing /home/arthur/pipeline_tweets/venv/lib/python3.9/site-packages/airflow/example_dags/plugins/workday.py took 0.011 seconds
[2024-12-24 16:23:51,401] {processor.py:153} INFO - Started process (PID=28917) to work on /home/arthur/pipeline_tweets/venv/lib/python3.9/site-packages/airflow/example_dags/plugins/workday.py
[2024-12-24 16:23:51,401] {processor.py:641} INFO - Processing file /home/arthur/pipeline_tweets/venv/lib/python3.9/site-packages/airflow/example_dags/plugins/workday.py for tasks to queue
[2024-12-24 16:23:51,401] {logging_mixin.py:115} INFO - [2024-12-24 16:23:51,401] {dagbag.py:507} INFO - Filling up the DagBag from /home/arthur/pipeline_tweets/venv/lib/python3.9/site-packages/airflow/example_dags/plugins/workday.py
[2024-12-24 16:23:51,403] {processor.py:653} WARNING - No viable dags retrieved from /home/arthur/pipeline_tweets/venv/lib/python3.9/site-packages/airflow/example_dags/plugins/workday.py
[2024-12-24 16:23:51,411] {processor.py:161} INFO - Processing /home/arthur/pipeline_tweets/venv/lib/python3.9/site-packages/airflow/example_dags/plugins/workday.py took 0.012 seconds
[2024-12-24 16:24:27,173] {processor.py:153} INFO - Started process (PID=29069) to work on /home/arthur/pipeline_tweets/venv/lib/python3.9/site-packages/airflow/example_dags/plugins/workday.py
[2024-12-24 16:24:27,175] {processor.py:641} INFO - Processing file /home/arthur/pipeline_tweets/venv/lib/python3.9/site-packages/airflow/example_dags/plugins/workday.py for tasks to queue
[2024-12-24 16:24:27,175] {logging_mixin.py:115} INFO - [2024-12-24 16:24:27,175] {dagbag.py:507} INFO - Filling up the DagBag from /home/arthur/pipeline_tweets/venv/lib/python3.9/site-packages/airflow/example_dags/plugins/workday.py
[2024-12-24 16:24:27,176] {processor.py:653} WARNING - No viable dags retrieved from /home/arthur/pipeline_tweets/venv/lib/python3.9/site-packages/airflow/example_dags/plugins/workday.py
[2024-12-24 16:24:27,184] {processor.py:161} INFO - Processing /home/arthur/pipeline_tweets/venv/lib/python3.9/site-packages/airflow/example_dags/plugins/workday.py took 0.013 seconds
[2024-12-24 16:25:00,775] {processor.py:153} INFO - Started process (PID=29218) to work on /home/arthur/pipeline_tweets/venv/lib/python3.9/site-packages/airflow/example_dags/plugins/workday.py
[2024-12-24 16:25:00,775] {processor.py:641} INFO - Processing file /home/arthur/pipeline_tweets/venv/lib/python3.9/site-packages/airflow/example_dags/plugins/workday.py for tasks to queue
[2024-12-24 16:25:00,775] {logging_mixin.py:115} INFO - [2024-12-24 16:25:00,775] {dagbag.py:507} INFO - Filling up the DagBag from /home/arthur/pipeline_tweets/venv/lib/python3.9/site-packages/airflow/example_dags/plugins/workday.py
[2024-12-24 16:25:00,777] {processor.py:653} WARNING - No viable dags retrieved from /home/arthur/pipeline_tweets/venv/lib/python3.9/site-packages/airflow/example_dags/plugins/workday.py
[2024-12-24 16:25:00,784] {processor.py:161} INFO - Processing /home/arthur/pipeline_tweets/venv/lib/python3.9/site-packages/airflow/example_dags/plugins/workday.py took 0.012 seconds
[2024-12-24 16:25:48,119] {processor.py:153} INFO - Started process (PID=29409) to work on /home/arthur/pipeline_tweets/venv/lib/python3.9/site-packages/airflow/example_dags/plugins/workday.py
[2024-12-24 16:25:48,691] {processor.py:641} INFO - Processing file /home/arthur/pipeline_tweets/venv/lib/python3.9/site-packages/airflow/example_dags/plugins/workday.py for tasks to queue
[2024-12-24 16:25:48,691] {logging_mixin.py:115} INFO - [2024-12-24 16:25:48,691] {dagbag.py:507} INFO - Filling up the DagBag from /home/arthur/pipeline_tweets/venv/lib/python3.9/site-packages/airflow/example_dags/plugins/workday.py
[2024-12-24 16:25:48,693] {processor.py:653} WARNING - No viable dags retrieved from /home/arthur/pipeline_tweets/venv/lib/python3.9/site-packages/airflow/example_dags/plugins/workday.py
[2024-12-24 16:25:48,702] {processor.py:161} INFO - Processing /home/arthur/pipeline_tweets/venv/lib/python3.9/site-packages/airflow/example_dags/plugins/workday.py took 0.585 seconds
[2024-12-24 16:26:23,924] {processor.py:153} INFO - Started process (PID=29564) to work on /home/arthur/pipeline_tweets/venv/lib/python3.9/site-packages/airflow/example_dags/plugins/workday.py
[2024-12-24 16:26:23,925] {processor.py:641} INFO - Processing file /home/arthur/pipeline_tweets/venv/lib/python3.9/site-packages/airflow/example_dags/plugins/workday.py for tasks to queue
[2024-12-24 16:26:23,926] {logging_mixin.py:115} INFO - [2024-12-24 16:26:23,926] {dagbag.py:507} INFO - Filling up the DagBag from /home/arthur/pipeline_tweets/venv/lib/python3.9/site-packages/airflow/example_dags/plugins/workday.py
[2024-12-24 16:26:23,928] {processor.py:653} WARNING - No viable dags retrieved from /home/arthur/pipeline_tweets/venv/lib/python3.9/site-packages/airflow/example_dags/plugins/workday.py
[2024-12-24 16:26:23,935] {processor.py:161} INFO - Processing /home/arthur/pipeline_tweets/venv/lib/python3.9/site-packages/airflow/example_dags/plugins/workday.py took 0.013 seconds
[2024-12-24 16:26:36,682] {processor.py:153} INFO - Started process (PID=29674) to work on /home/arthur/pipeline_tweets/venv/lib/python3.9/site-packages/airflow/example_dags/plugins/workday.py
[2024-12-24 16:26:36,683] {processor.py:641} INFO - Processing file /home/arthur/pipeline_tweets/venv/lib/python3.9/site-packages/airflow/example_dags/plugins/workday.py for tasks to queue
[2024-12-24 16:26:36,683] {logging_mixin.py:115} INFO - [2024-12-24 16:26:36,683] {dagbag.py:507} INFO - Filling up the DagBag from /home/arthur/pipeline_tweets/venv/lib/python3.9/site-packages/airflow/example_dags/plugins/workday.py
[2024-12-24 16:26:36,684] {processor.py:653} WARNING - No viable dags retrieved from /home/arthur/pipeline_tweets/venv/lib/python3.9/site-packages/airflow/example_dags/plugins/workday.py
[2024-12-24 16:26:36,692] {processor.py:161} INFO - Processing /home/arthur/pipeline_tweets/venv/lib/python3.9/site-packages/airflow/example_dags/plugins/workday.py took 0.012 seconds
[2024-12-24 16:27:12,561] {processor.py:153} INFO - Started process (PID=29832) to work on /home/arthur/pipeline_tweets/venv/lib/python3.9/site-packages/airflow/example_dags/plugins/workday.py
[2024-12-24 16:27:12,562] {processor.py:641} INFO - Processing file /home/arthur/pipeline_tweets/venv/lib/python3.9/site-packages/airflow/example_dags/plugins/workday.py for tasks to queue
[2024-12-24 16:27:12,563] {logging_mixin.py:115} INFO - [2024-12-24 16:27:12,563] {dagbag.py:507} INFO - Filling up the DagBag from /home/arthur/pipeline_tweets/venv/lib/python3.9/site-packages/airflow/example_dags/plugins/workday.py
[2024-12-24 16:27:12,564] {processor.py:653} WARNING - No viable dags retrieved from /home/arthur/pipeline_tweets/venv/lib/python3.9/site-packages/airflow/example_dags/plugins/workday.py
[2024-12-24 16:27:12,572] {processor.py:161} INFO - Processing /home/arthur/pipeline_tweets/venv/lib/python3.9/site-packages/airflow/example_dags/plugins/workday.py took 0.013 seconds
[2024-12-24 16:27:44,316] {processor.py:153} INFO - Started process (PID=29966) to work on /home/arthur/pipeline_tweets/venv/lib/python3.9/site-packages/airflow/example_dags/plugins/workday.py
[2024-12-24 16:27:44,320] {processor.py:641} INFO - Processing file /home/arthur/pipeline_tweets/venv/lib/python3.9/site-packages/airflow/example_dags/plugins/workday.py for tasks to queue
[2024-12-24 16:27:44,320] {logging_mixin.py:115} INFO - [2024-12-24 16:27:44,320] {dagbag.py:507} INFO - Filling up the DagBag from /home/arthur/pipeline_tweets/venv/lib/python3.9/site-packages/airflow/example_dags/plugins/workday.py
[2024-12-24 16:27:44,322] {processor.py:653} WARNING - No viable dags retrieved from /home/arthur/pipeline_tweets/venv/lib/python3.9/site-packages/airflow/example_dags/plugins/workday.py
[2024-12-24 16:27:44,330] {processor.py:161} INFO - Processing /home/arthur/pipeline_tweets/venv/lib/python3.9/site-packages/airflow/example_dags/plugins/workday.py took 0.016 seconds
[2024-12-24 16:28:47,581] {processor.py:153} INFO - Started process (PID=30250) to work on /home/arthur/pipeline_tweets/venv/lib/python3.9/site-packages/airflow/example_dags/plugins/workday.py
[2024-12-24 16:28:47,582] {processor.py:641} INFO - Processing file /home/arthur/pipeline_tweets/venv/lib/python3.9/site-packages/airflow/example_dags/plugins/workday.py for tasks to queue
[2024-12-24 16:28:47,582] {logging_mixin.py:115} INFO - [2024-12-24 16:28:47,582] {dagbag.py:507} INFO - Filling up the DagBag from /home/arthur/pipeline_tweets/venv/lib/python3.9/site-packages/airflow/example_dags/plugins/workday.py
[2024-12-24 16:28:47,584] {processor.py:653} WARNING - No viable dags retrieved from /home/arthur/pipeline_tweets/venv/lib/python3.9/site-packages/airflow/example_dags/plugins/workday.py
[2024-12-24 16:28:47,591] {processor.py:161} INFO - Processing /home/arthur/pipeline_tweets/venv/lib/python3.9/site-packages/airflow/example_dags/plugins/workday.py took 0.012 seconds
[2024-12-24 16:29:19,445] {processor.py:153} INFO - Started process (PID=30385) to work on /home/arthur/pipeline_tweets/venv/lib/python3.9/site-packages/airflow/example_dags/plugins/workday.py
[2024-12-24 16:29:19,447] {processor.py:641} INFO - Processing file /home/arthur/pipeline_tweets/venv/lib/python3.9/site-packages/airflow/example_dags/plugins/workday.py for tasks to queue
[2024-12-24 16:29:19,447] {logging_mixin.py:115} INFO - [2024-12-24 16:29:19,447] {dagbag.py:507} INFO - Filling up the DagBag from /home/arthur/pipeline_tweets/venv/lib/python3.9/site-packages/airflow/example_dags/plugins/workday.py
[2024-12-24 16:29:19,448] {processor.py:653} WARNING - No viable dags retrieved from /home/arthur/pipeline_tweets/venv/lib/python3.9/site-packages/airflow/example_dags/plugins/workday.py
[2024-12-24 16:29:19,456] {processor.py:161} INFO - Processing /home/arthur/pipeline_tweets/venv/lib/python3.9/site-packages/airflow/example_dags/plugins/workday.py took 0.013 seconds
[2024-12-24 16:30:33,240] {processor.py:153} INFO - Started process (PID=30713) to work on /home/arthur/pipeline_tweets/venv/lib/python3.9/site-packages/airflow/example_dags/plugins/workday.py
[2024-12-24 16:30:33,241] {processor.py:641} INFO - Processing file /home/arthur/pipeline_tweets/venv/lib/python3.9/site-packages/airflow/example_dags/plugins/workday.py for tasks to queue
[2024-12-24 16:30:33,241] {logging_mixin.py:115} INFO - [2024-12-24 16:30:33,241] {dagbag.py:507} INFO - Filling up the DagBag from /home/arthur/pipeline_tweets/venv/lib/python3.9/site-packages/airflow/example_dags/plugins/workday.py
[2024-12-24 16:30:33,243] {processor.py:653} WARNING - No viable dags retrieved from /home/arthur/pipeline_tweets/venv/lib/python3.9/site-packages/airflow/example_dags/plugins/workday.py
[2024-12-24 16:30:33,250] {processor.py:161} INFO - Processing /home/arthur/pipeline_tweets/venv/lib/python3.9/site-packages/airflow/example_dags/plugins/workday.py took 0.013 seconds
[2024-12-24 16:31:05,089] {processor.py:153} INFO - Started process (PID=30852) to work on /home/arthur/pipeline_tweets/venv/lib/python3.9/site-packages/airflow/example_dags/plugins/workday.py
[2024-12-24 16:31:05,090] {processor.py:641} INFO - Processing file /home/arthur/pipeline_tweets/venv/lib/python3.9/site-packages/airflow/example_dags/plugins/workday.py for tasks to queue
[2024-12-24 16:31:05,090] {logging_mixin.py:115} INFO - [2024-12-24 16:31:05,090] {dagbag.py:507} INFO - Filling up the DagBag from /home/arthur/pipeline_tweets/venv/lib/python3.9/site-packages/airflow/example_dags/plugins/workday.py
[2024-12-24 16:31:05,092] {processor.py:653} WARNING - No viable dags retrieved from /home/arthur/pipeline_tweets/venv/lib/python3.9/site-packages/airflow/example_dags/plugins/workday.py
[2024-12-24 16:31:05,100] {processor.py:161} INFO - Processing /home/arthur/pipeline_tweets/venv/lib/python3.9/site-packages/airflow/example_dags/plugins/workday.py took 0.013 seconds
[2024-12-24 17:14:41,869] {processor.py:153} INFO - Started process (PID=31080) to work on /home/arthur/pipeline_tweets/venv/lib/python3.9/site-packages/airflow/example_dags/plugins/workday.py
[2024-12-24 17:14:41,870] {processor.py:641} INFO - Processing file /home/arthur/pipeline_tweets/venv/lib/python3.9/site-packages/airflow/example_dags/plugins/workday.py for tasks to queue
[2024-12-24 17:14:41,871] {logging_mixin.py:115} INFO - [2024-12-24 17:14:41,871] {dagbag.py:507} INFO - Filling up the DagBag from /home/arthur/pipeline_tweets/venv/lib/python3.9/site-packages/airflow/example_dags/plugins/workday.py
[2024-12-24 17:14:41,876] {processor.py:653} WARNING - No viable dags retrieved from /home/arthur/pipeline_tweets/venv/lib/python3.9/site-packages/airflow/example_dags/plugins/workday.py
[2024-12-24 17:14:41,903] {processor.py:161} INFO - Processing /home/arthur/pipeline_tweets/venv/lib/python3.9/site-packages/airflow/example_dags/plugins/workday.py took 0.060 seconds
[2024-12-24 17:15:16,720] {processor.py:153} INFO - Started process (PID=31449) to work on /home/arthur/pipeline_tweets/venv/lib/python3.9/site-packages/airflow/example_dags/plugins/workday.py
[2024-12-24 17:15:16,721] {processor.py:641} INFO - Processing file /home/arthur/pipeline_tweets/venv/lib/python3.9/site-packages/airflow/example_dags/plugins/workday.py for tasks to queue
[2024-12-24 17:15:16,721] {logging_mixin.py:115} INFO - [2024-12-24 17:15:16,721] {dagbag.py:507} INFO - Filling up the DagBag from /home/arthur/pipeline_tweets/venv/lib/python3.9/site-packages/airflow/example_dags/plugins/workday.py
[2024-12-24 17:15:16,723] {processor.py:653} WARNING - No viable dags retrieved from /home/arthur/pipeline_tweets/venv/lib/python3.9/site-packages/airflow/example_dags/plugins/workday.py
[2024-12-24 17:15:16,730] {processor.py:161} INFO - Processing /home/arthur/pipeline_tweets/venv/lib/python3.9/site-packages/airflow/example_dags/plugins/workday.py took 0.012 seconds
[2024-12-24 17:15:48,605] {processor.py:153} INFO - Started process (PID=31702) to work on /home/arthur/pipeline_tweets/venv/lib/python3.9/site-packages/airflow/example_dags/plugins/workday.py
[2024-12-24 17:15:48,606] {processor.py:641} INFO - Processing file /home/arthur/pipeline_tweets/venv/lib/python3.9/site-packages/airflow/example_dags/plugins/workday.py for tasks to queue
[2024-12-24 17:15:48,606] {logging_mixin.py:115} INFO - [2024-12-24 17:15:48,606] {dagbag.py:507} INFO - Filling up the DagBag from /home/arthur/pipeline_tweets/venv/lib/python3.9/site-packages/airflow/example_dags/plugins/workday.py
[2024-12-24 17:15:48,607] {processor.py:653} WARNING - No viable dags retrieved from /home/arthur/pipeline_tweets/venv/lib/python3.9/site-packages/airflow/example_dags/plugins/workday.py
[2024-12-24 17:15:48,616] {processor.py:161} INFO - Processing /home/arthur/pipeline_tweets/venv/lib/python3.9/site-packages/airflow/example_dags/plugins/workday.py took 0.014 seconds
[2024-12-24 17:16:44,070] {processor.py:153} INFO - Started process (PID=31918) to work on /home/arthur/pipeline_tweets/venv/lib/python3.9/site-packages/airflow/example_dags/plugins/workday.py
[2024-12-24 17:16:44,071] {processor.py:641} INFO - Processing file /home/arthur/pipeline_tweets/venv/lib/python3.9/site-packages/airflow/example_dags/plugins/workday.py for tasks to queue
[2024-12-24 17:16:44,072] {logging_mixin.py:115} INFO - [2024-12-24 17:16:44,071] {dagbag.py:507} INFO - Filling up the DagBag from /home/arthur/pipeline_tweets/venv/lib/python3.9/site-packages/airflow/example_dags/plugins/workday.py
[2024-12-24 17:16:44,073] {processor.py:653} WARNING - No viable dags retrieved from /home/arthur/pipeline_tweets/venv/lib/python3.9/site-packages/airflow/example_dags/plugins/workday.py
[2024-12-24 17:16:44,082] {processor.py:161} INFO - Processing /home/arthur/pipeline_tweets/venv/lib/python3.9/site-packages/airflow/example_dags/plugins/workday.py took 0.014 seconds
[2024-12-24 17:17:11,026] {processor.py:153} INFO - Started process (PID=32313) to work on /home/arthur/pipeline_tweets/venv/lib/python3.9/site-packages/airflow/example_dags/plugins/workday.py
[2024-12-24 17:17:11,027] {processor.py:641} INFO - Processing file /home/arthur/pipeline_tweets/venv/lib/python3.9/site-packages/airflow/example_dags/plugins/workday.py for tasks to queue
[2024-12-24 17:17:11,027] {logging_mixin.py:115} INFO - [2024-12-24 17:17:11,027] {dagbag.py:507} INFO - Filling up the DagBag from /home/arthur/pipeline_tweets/venv/lib/python3.9/site-packages/airflow/example_dags/plugins/workday.py
[2024-12-24 17:17:11,029] {processor.py:653} WARNING - No viable dags retrieved from /home/arthur/pipeline_tweets/venv/lib/python3.9/site-packages/airflow/example_dags/plugins/workday.py
[2024-12-24 17:17:11,037] {processor.py:161} INFO - Processing /home/arthur/pipeline_tweets/venv/lib/python3.9/site-packages/airflow/example_dags/plugins/workday.py took 0.013 seconds
[2024-12-24 17:17:42,495] {processor.py:153} INFO - Started process (PID=32535) to work on /home/arthur/pipeline_tweets/venv/lib/python3.9/site-packages/airflow/example_dags/plugins/workday.py
[2024-12-24 17:17:42,495] {processor.py:641} INFO - Processing file /home/arthur/pipeline_tweets/venv/lib/python3.9/site-packages/airflow/example_dags/plugins/workday.py for tasks to queue
[2024-12-24 17:17:42,495] {logging_mixin.py:115} INFO - [2024-12-24 17:17:42,495] {dagbag.py:507} INFO - Filling up the DagBag from /home/arthur/pipeline_tweets/venv/lib/python3.9/site-packages/airflow/example_dags/plugins/workday.py
[2024-12-24 17:17:42,497] {processor.py:653} WARNING - No viable dags retrieved from /home/arthur/pipeline_tweets/venv/lib/python3.9/site-packages/airflow/example_dags/plugins/workday.py
[2024-12-24 17:17:42,505] {processor.py:161} INFO - Processing /home/arthur/pipeline_tweets/venv/lib/python3.9/site-packages/airflow/example_dags/plugins/workday.py took 0.012 seconds
[2024-12-24 17:18:14,915] {processor.py:153} INFO - Started process (PID=32733) to work on /home/arthur/pipeline_tweets/venv/lib/python3.9/site-packages/airflow/example_dags/plugins/workday.py
[2024-12-24 17:18:14,917] {processor.py:641} INFO - Processing file /home/arthur/pipeline_tweets/venv/lib/python3.9/site-packages/airflow/example_dags/plugins/workday.py for tasks to queue
[2024-12-24 17:18:14,917] {logging_mixin.py:115} INFO - [2024-12-24 17:18:14,917] {dagbag.py:507} INFO - Filling up the DagBag from /home/arthur/pipeline_tweets/venv/lib/python3.9/site-packages/airflow/example_dags/plugins/workday.py
[2024-12-24 17:18:14,918] {processor.py:653} WARNING - No viable dags retrieved from /home/arthur/pipeline_tweets/venv/lib/python3.9/site-packages/airflow/example_dags/plugins/workday.py
[2024-12-24 17:18:14,926] {processor.py:161} INFO - Processing /home/arthur/pipeline_tweets/venv/lib/python3.9/site-packages/airflow/example_dags/plugins/workday.py took 0.013 seconds
[2024-12-24 17:18:32,047] {processor.py:153} INFO - Started process (PID=32804) to work on /home/arthur/pipeline_tweets/venv/lib/python3.9/site-packages/airflow/example_dags/plugins/workday.py
[2024-12-24 17:18:32,048] {processor.py:641} INFO - Processing file /home/arthur/pipeline_tweets/venv/lib/python3.9/site-packages/airflow/example_dags/plugins/workday.py for tasks to queue
[2024-12-24 17:18:32,048] {logging_mixin.py:115} INFO - [2024-12-24 17:18:32,048] {dagbag.py:507} INFO - Filling up the DagBag from /home/arthur/pipeline_tweets/venv/lib/python3.9/site-packages/airflow/example_dags/plugins/workday.py
[2024-12-24 17:18:32,050] {processor.py:653} WARNING - No viable dags retrieved from /home/arthur/pipeline_tweets/venv/lib/python3.9/site-packages/airflow/example_dags/plugins/workday.py
[2024-12-24 17:18:32,058] {processor.py:161} INFO - Processing /home/arthur/pipeline_tweets/venv/lib/python3.9/site-packages/airflow/example_dags/plugins/workday.py took 0.013 seconds
[2024-12-24 17:19:03,557] {processor.py:153} INFO - Started process (PID=33001) to work on /home/arthur/pipeline_tweets/venv/lib/python3.9/site-packages/airflow/example_dags/plugins/workday.py
[2024-12-24 17:19:03,558] {processor.py:641} INFO - Processing file /home/arthur/pipeline_tweets/venv/lib/python3.9/site-packages/airflow/example_dags/plugins/workday.py for tasks to queue
[2024-12-24 17:19:03,558] {logging_mixin.py:115} INFO - [2024-12-24 17:19:03,558] {dagbag.py:507} INFO - Filling up the DagBag from /home/arthur/pipeline_tweets/venv/lib/python3.9/site-packages/airflow/example_dags/plugins/workday.py
[2024-12-24 17:19:03,560] {processor.py:653} WARNING - No viable dags retrieved from /home/arthur/pipeline_tweets/venv/lib/python3.9/site-packages/airflow/example_dags/plugins/workday.py
[2024-12-24 17:19:03,568] {processor.py:161} INFO - Processing /home/arthur/pipeline_tweets/venv/lib/python3.9/site-packages/airflow/example_dags/plugins/workday.py took 0.014 seconds
[2024-12-24 17:19:33,834] {processor.py:153} INFO - Started process (PID=33178) to work on /home/arthur/pipeline_tweets/venv/lib/python3.9/site-packages/airflow/example_dags/plugins/workday.py
[2024-12-24 17:19:33,835] {processor.py:641} INFO - Processing file /home/arthur/pipeline_tweets/venv/lib/python3.9/site-packages/airflow/example_dags/plugins/workday.py for tasks to queue
[2024-12-24 17:19:33,835] {logging_mixin.py:115} INFO - [2024-12-24 17:19:33,835] {dagbag.py:507} INFO - Filling up the DagBag from /home/arthur/pipeline_tweets/venv/lib/python3.9/site-packages/airflow/example_dags/plugins/workday.py
[2024-12-24 17:19:33,836] {processor.py:653} WARNING - No viable dags retrieved from /home/arthur/pipeline_tweets/venv/lib/python3.9/site-packages/airflow/example_dags/plugins/workday.py
[2024-12-24 17:19:33,845] {processor.py:161} INFO - Processing /home/arthur/pipeline_tweets/venv/lib/python3.9/site-packages/airflow/example_dags/plugins/workday.py took 0.012 seconds
[2024-12-24 17:20:41,683] {processor.py:153} INFO - Started process (PID=33328) to work on /home/arthur/pipeline_tweets/venv/lib/python3.9/site-packages/airflow/example_dags/plugins/workday.py
[2024-12-24 17:20:09,488] {processor.py:641} INFO - Processing file /home/arthur/pipeline_tweets/venv/lib/python3.9/site-packages/airflow/example_dags/plugins/workday.py for tasks to queue
[2024-12-24 17:20:09,489] {logging_mixin.py:115} INFO - [2024-12-24 17:20:09,489] {dagbag.py:507} INFO - Filling up the DagBag from /home/arthur/pipeline_tweets/venv/lib/python3.9/site-packages/airflow/example_dags/plugins/workday.py
[2024-12-24 17:20:09,490] {processor.py:653} WARNING - No viable dags retrieved from /home/arthur/pipeline_tweets/venv/lib/python3.9/site-packages/airflow/example_dags/plugins/workday.py
[2024-12-24 17:20:09,502] {processor.py:161} INFO - Processing /home/arthur/pipeline_tweets/venv/lib/python3.9/site-packages/airflow/example_dags/plugins/workday.py took 0.018 seconds
[2024-12-24 17:21:04,498] {processor.py:153} INFO - Started process (PID=33485) to work on /home/arthur/pipeline_tweets/venv/lib/python3.9/site-packages/airflow/example_dags/plugins/workday.py
[2024-12-24 17:21:04,499] {processor.py:641} INFO - Processing file /home/arthur/pipeline_tweets/venv/lib/python3.9/site-packages/airflow/example_dags/plugins/workday.py for tasks to queue
[2024-12-24 17:21:04,499] {logging_mixin.py:115} INFO - [2024-12-24 17:21:04,499] {dagbag.py:507} INFO - Filling up the DagBag from /home/arthur/pipeline_tweets/venv/lib/python3.9/site-packages/airflow/example_dags/plugins/workday.py
[2024-12-24 17:21:04,501] {processor.py:653} WARNING - No viable dags retrieved from /home/arthur/pipeline_tweets/venv/lib/python3.9/site-packages/airflow/example_dags/plugins/workday.py
[2024-12-24 17:21:04,512] {processor.py:161} INFO - Processing /home/arthur/pipeline_tweets/venv/lib/python3.9/site-packages/airflow/example_dags/plugins/workday.py took 0.016 seconds
[2024-12-24 17:21:12,542] {processor.py:153} INFO - Started process (PID=33650) to work on /home/arthur/pipeline_tweets/venv/lib/python3.9/site-packages/airflow/example_dags/plugins/workday.py
[2024-12-24 17:21:12,544] {processor.py:641} INFO - Processing file /home/arthur/pipeline_tweets/venv/lib/python3.9/site-packages/airflow/example_dags/plugins/workday.py for tasks to queue
[2024-12-24 17:21:12,545] {logging_mixin.py:115} INFO - [2024-12-24 17:21:12,545] {dagbag.py:507} INFO - Filling up the DagBag from /home/arthur/pipeline_tweets/venv/lib/python3.9/site-packages/airflow/example_dags/plugins/workday.py
[2024-12-24 17:21:12,546] {processor.py:653} WARNING - No viable dags retrieved from /home/arthur/pipeline_tweets/venv/lib/python3.9/site-packages/airflow/example_dags/plugins/workday.py
[2024-12-24 17:21:12,560] {processor.py:161} INFO - Processing /home/arthur/pipeline_tweets/venv/lib/python3.9/site-packages/airflow/example_dags/plugins/workday.py took 0.022 seconds
[2024-12-24 17:21:46,568] {processor.py:153} INFO - Started process (PID=33796) to work on /home/arthur/pipeline_tweets/venv/lib/python3.9/site-packages/airflow/example_dags/plugins/workday.py
[2024-12-24 17:21:46,569] {processor.py:641} INFO - Processing file /home/arthur/pipeline_tweets/venv/lib/python3.9/site-packages/airflow/example_dags/plugins/workday.py for tasks to queue
[2024-12-24 17:21:46,569] {logging_mixin.py:115} INFO - [2024-12-24 17:21:46,569] {dagbag.py:507} INFO - Filling up the DagBag from /home/arthur/pipeline_tweets/venv/lib/python3.9/site-packages/airflow/example_dags/plugins/workday.py
[2024-12-24 17:21:46,571] {processor.py:653} WARNING - No viable dags retrieved from /home/arthur/pipeline_tweets/venv/lib/python3.9/site-packages/airflow/example_dags/plugins/workday.py
[2024-12-24 17:21:46,580] {processor.py:161} INFO - Processing /home/arthur/pipeline_tweets/venv/lib/python3.9/site-packages/airflow/example_dags/plugins/workday.py took 0.015 seconds
[2024-12-24 17:22:18,231] {processor.py:153} INFO - Started process (PID=33932) to work on /home/arthur/pipeline_tweets/venv/lib/python3.9/site-packages/airflow/example_dags/plugins/workday.py
[2024-12-24 17:22:18,232] {processor.py:641} INFO - Processing file /home/arthur/pipeline_tweets/venv/lib/python3.9/site-packages/airflow/example_dags/plugins/workday.py for tasks to queue
[2024-12-24 17:22:18,232] {logging_mixin.py:115} INFO - [2024-12-24 17:22:18,232] {dagbag.py:507} INFO - Filling up the DagBag from /home/arthur/pipeline_tweets/venv/lib/python3.9/site-packages/airflow/example_dags/plugins/workday.py
[2024-12-24 17:22:18,235] {processor.py:653} WARNING - No viable dags retrieved from /home/arthur/pipeline_tweets/venv/lib/python3.9/site-packages/airflow/example_dags/plugins/workday.py
[2024-12-24 17:22:18,245] {processor.py:161} INFO - Processing /home/arthur/pipeline_tweets/venv/lib/python3.9/site-packages/airflow/example_dags/plugins/workday.py took 0.016 seconds
[2024-12-24 17:22:49,752] {processor.py:153} INFO - Started process (PID=34181) to work on /home/arthur/pipeline_tweets/venv/lib/python3.9/site-packages/airflow/example_dags/plugins/workday.py
[2024-12-24 17:22:49,753] {processor.py:641} INFO - Processing file /home/arthur/pipeline_tweets/venv/lib/python3.9/site-packages/airflow/example_dags/plugins/workday.py for tasks to queue
[2024-12-24 17:22:49,755] {logging_mixin.py:115} INFO - [2024-12-24 17:22:49,754] {dagbag.py:507} INFO - Filling up the DagBag from /home/arthur/pipeline_tweets/venv/lib/python3.9/site-packages/airflow/example_dags/plugins/workday.py
[2024-12-24 17:22:49,758] {processor.py:653} WARNING - No viable dags retrieved from /home/arthur/pipeline_tweets/venv/lib/python3.9/site-packages/airflow/example_dags/plugins/workday.py
[2024-12-24 17:22:49,771] {processor.py:161} INFO - Processing /home/arthur/pipeline_tweets/venv/lib/python3.9/site-packages/airflow/example_dags/plugins/workday.py took 0.024 seconds
[2024-12-24 17:23:21,527] {processor.py:153} INFO - Started process (PID=34374) to work on /home/arthur/pipeline_tweets/venv/lib/python3.9/site-packages/airflow/example_dags/plugins/workday.py
[2024-12-24 17:23:21,528] {processor.py:641} INFO - Processing file /home/arthur/pipeline_tweets/venv/lib/python3.9/site-packages/airflow/example_dags/plugins/workday.py for tasks to queue
[2024-12-24 17:23:21,529] {logging_mixin.py:115} INFO - [2024-12-24 17:23:21,529] {dagbag.py:507} INFO - Filling up the DagBag from /home/arthur/pipeline_tweets/venv/lib/python3.9/site-packages/airflow/example_dags/plugins/workday.py
[2024-12-24 17:23:21,530] {processor.py:653} WARNING - No viable dags retrieved from /home/arthur/pipeline_tweets/venv/lib/python3.9/site-packages/airflow/example_dags/plugins/workday.py
[2024-12-24 17:23:21,539] {processor.py:161} INFO - Processing /home/arthur/pipeline_tweets/venv/lib/python3.9/site-packages/airflow/example_dags/plugins/workday.py took 0.014 seconds
[2024-12-24 17:23:54,554] {processor.py:153} INFO - Started process (PID=34530) to work on /home/arthur/pipeline_tweets/venv/lib/python3.9/site-packages/airflow/example_dags/plugins/workday.py
[2024-12-24 17:23:54,555] {processor.py:641} INFO - Processing file /home/arthur/pipeline_tweets/venv/lib/python3.9/site-packages/airflow/example_dags/plugins/workday.py for tasks to queue
[2024-12-24 17:23:54,555] {logging_mixin.py:115} INFO - [2024-12-24 17:23:54,555] {dagbag.py:507} INFO - Filling up the DagBag from /home/arthur/pipeline_tweets/venv/lib/python3.9/site-packages/airflow/example_dags/plugins/workday.py
[2024-12-24 17:23:54,557] {processor.py:653} WARNING - No viable dags retrieved from /home/arthur/pipeline_tweets/venv/lib/python3.9/site-packages/airflow/example_dags/plugins/workday.py
[2024-12-24 17:23:54,565] {processor.py:161} INFO - Processing /home/arthur/pipeline_tweets/venv/lib/python3.9/site-packages/airflow/example_dags/plugins/workday.py took 0.014 seconds
[2024-12-24 17:24:42,866] {processor.py:153} INFO - Started process (PID=34649) to work on /home/arthur/pipeline_tweets/venv/lib/python3.9/site-packages/airflow/example_dags/plugins/workday.py
[2024-12-24 17:24:42,867] {processor.py:641} INFO - Processing file /home/arthur/pipeline_tweets/venv/lib/python3.9/site-packages/airflow/example_dags/plugins/workday.py for tasks to queue
[2024-12-24 17:24:42,867] {logging_mixin.py:115} INFO - [2024-12-24 17:24:42,867] {dagbag.py:507} INFO - Filling up the DagBag from /home/arthur/pipeline_tweets/venv/lib/python3.9/site-packages/airflow/example_dags/plugins/workday.py
[2024-12-24 17:24:42,869] {processor.py:653} WARNING - No viable dags retrieved from /home/arthur/pipeline_tweets/venv/lib/python3.9/site-packages/airflow/example_dags/plugins/workday.py
[2024-12-24 17:24:42,875] {processor.py:161} INFO - Processing /home/arthur/pipeline_tweets/venv/lib/python3.9/site-packages/airflow/example_dags/plugins/workday.py took 0.011 seconds
[2024-12-24 17:25:16,185] {processor.py:153} INFO - Started process (PID=35085) to work on /home/arthur/pipeline_tweets/venv/lib/python3.9/site-packages/airflow/example_dags/plugins/workday.py
[2024-12-24 17:25:16,186] {processor.py:641} INFO - Processing file /home/arthur/pipeline_tweets/venv/lib/python3.9/site-packages/airflow/example_dags/plugins/workday.py for tasks to queue
[2024-12-24 17:25:16,187] {logging_mixin.py:115} INFO - [2024-12-24 17:25:16,187] {dagbag.py:507} INFO - Filling up the DagBag from /home/arthur/pipeline_tweets/venv/lib/python3.9/site-packages/airflow/example_dags/plugins/workday.py
[2024-12-24 17:25:16,188] {processor.py:653} WARNING - No viable dags retrieved from /home/arthur/pipeline_tweets/venv/lib/python3.9/site-packages/airflow/example_dags/plugins/workday.py
[2024-12-24 17:25:16,197] {processor.py:161} INFO - Processing /home/arthur/pipeline_tweets/venv/lib/python3.9/site-packages/airflow/example_dags/plugins/workday.py took 0.014 seconds
[2024-12-24 17:26:09,650] {processor.py:153} INFO - Started process (PID=35224) to work on /home/arthur/pipeline_tweets/venv/lib/python3.9/site-packages/airflow/example_dags/plugins/workday.py
[2024-12-24 17:26:09,650] {processor.py:641} INFO - Processing file /home/arthur/pipeline_tweets/venv/lib/python3.9/site-packages/airflow/example_dags/plugins/workday.py for tasks to queue
[2024-12-24 17:26:09,650] {logging_mixin.py:115} INFO - [2024-12-24 17:26:09,650] {dagbag.py:507} INFO - Filling up the DagBag from /home/arthur/pipeline_tweets/venv/lib/python3.9/site-packages/airflow/example_dags/plugins/workday.py
[2024-12-24 17:26:09,652] {processor.py:653} WARNING - No viable dags retrieved from /home/arthur/pipeline_tweets/venv/lib/python3.9/site-packages/airflow/example_dags/plugins/workday.py
[2024-12-24 17:26:09,660] {processor.py:161} INFO - Processing /home/arthur/pipeline_tweets/venv/lib/python3.9/site-packages/airflow/example_dags/plugins/workday.py took 0.012 seconds
[2024-12-24 17:26:44,719] {processor.py:153} INFO - Started process (PID=35582) to work on /home/arthur/pipeline_tweets/venv/lib/python3.9/site-packages/airflow/example_dags/plugins/workday.py
[2024-12-24 17:26:44,720] {processor.py:641} INFO - Processing file /home/arthur/pipeline_tweets/venv/lib/python3.9/site-packages/airflow/example_dags/plugins/workday.py for tasks to queue
[2024-12-24 17:26:44,721] {logging_mixin.py:115} INFO - [2024-12-24 17:26:44,721] {dagbag.py:507} INFO - Filling up the DagBag from /home/arthur/pipeline_tweets/venv/lib/python3.9/site-packages/airflow/example_dags/plugins/workday.py
[2024-12-24 17:26:44,722] {processor.py:653} WARNING - No viable dags retrieved from /home/arthur/pipeline_tweets/venv/lib/python3.9/site-packages/airflow/example_dags/plugins/workday.py
[2024-12-24 17:26:44,732] {processor.py:161} INFO - Processing /home/arthur/pipeline_tweets/venv/lib/python3.9/site-packages/airflow/example_dags/plugins/workday.py took 0.016 seconds
[2024-12-24 17:27:16,583] {processor.py:153} INFO - Started process (PID=35753) to work on /home/arthur/pipeline_tweets/venv/lib/python3.9/site-packages/airflow/example_dags/plugins/workday.py
[2024-12-24 17:27:16,584] {processor.py:641} INFO - Processing file /home/arthur/pipeline_tweets/venv/lib/python3.9/site-packages/airflow/example_dags/plugins/workday.py for tasks to queue
[2024-12-24 17:27:16,585] {logging_mixin.py:115} INFO - [2024-12-24 17:27:16,585] {dagbag.py:507} INFO - Filling up the DagBag from /home/arthur/pipeline_tweets/venv/lib/python3.9/site-packages/airflow/example_dags/plugins/workday.py
[2024-12-24 17:27:16,586] {processor.py:653} WARNING - No viable dags retrieved from /home/arthur/pipeline_tweets/venv/lib/python3.9/site-packages/airflow/example_dags/plugins/workday.py
[2024-12-24 17:27:16,595] {processor.py:161} INFO - Processing /home/arthur/pipeline_tweets/venv/lib/python3.9/site-packages/airflow/example_dags/plugins/workday.py took 0.015 seconds
[2024-12-24 17:28:32,666] {processor.py:153} INFO - Started process (PID=35920) to work on /home/arthur/pipeline_tweets/venv/lib/python3.9/site-packages/airflow/example_dags/plugins/workday.py
[2024-12-24 17:28:32,668] {processor.py:641} INFO - Processing file /home/arthur/pipeline_tweets/venv/lib/python3.9/site-packages/airflow/example_dags/plugins/workday.py for tasks to queue
[2024-12-24 17:28:32,668] {logging_mixin.py:115} INFO - [2024-12-24 17:28:32,668] {dagbag.py:507} INFO - Filling up the DagBag from /home/arthur/pipeline_tweets/venv/lib/python3.9/site-packages/airflow/example_dags/plugins/workday.py
[2024-12-24 17:28:32,669] {processor.py:653} WARNING - No viable dags retrieved from /home/arthur/pipeline_tweets/venv/lib/python3.9/site-packages/airflow/example_dags/plugins/workday.py
[2024-12-24 17:28:32,677] {processor.py:161} INFO - Processing /home/arthur/pipeline_tweets/venv/lib/python3.9/site-packages/airflow/example_dags/plugins/workday.py took 0.013 seconds
[2024-12-24 17:29:05,030] {processor.py:153} INFO - Started process (PID=36244) to work on /home/arthur/pipeline_tweets/venv/lib/python3.9/site-packages/airflow/example_dags/plugins/workday.py
[2024-12-24 17:29:05,032] {processor.py:641} INFO - Processing file /home/arthur/pipeline_tweets/venv/lib/python3.9/site-packages/airflow/example_dags/plugins/workday.py for tasks to queue
[2024-12-24 17:29:05,032] {logging_mixin.py:115} INFO - [2024-12-24 17:29:05,032] {dagbag.py:507} INFO - Filling up the DagBag from /home/arthur/pipeline_tweets/venv/lib/python3.9/site-packages/airflow/example_dags/plugins/workday.py
[2024-12-24 17:29:05,034] {processor.py:653} WARNING - No viable dags retrieved from /home/arthur/pipeline_tweets/venv/lib/python3.9/site-packages/airflow/example_dags/plugins/workday.py
[2024-12-24 17:29:05,042] {processor.py:161} INFO - Processing /home/arthur/pipeline_tweets/venv/lib/python3.9/site-packages/airflow/example_dags/plugins/workday.py took 0.014 seconds
[2024-12-24 17:29:46,350] {processor.py:153} INFO - Started process (PID=36340) to work on /home/arthur/pipeline_tweets/venv/lib/python3.9/site-packages/airflow/example_dags/plugins/workday.py
[2024-12-24 17:29:46,350] {processor.py:641} INFO - Processing file /home/arthur/pipeline_tweets/venv/lib/python3.9/site-packages/airflow/example_dags/plugins/workday.py for tasks to queue
[2024-12-24 17:29:46,350] {logging_mixin.py:115} INFO - [2024-12-24 17:29:46,350] {dagbag.py:507} INFO - Filling up the DagBag from /home/arthur/pipeline_tweets/venv/lib/python3.9/site-packages/airflow/example_dags/plugins/workday.py
[2024-12-24 17:29:46,352] {processor.py:653} WARNING - No viable dags retrieved from /home/arthur/pipeline_tweets/venv/lib/python3.9/site-packages/airflow/example_dags/plugins/workday.py
[2024-12-24 17:29:46,364] {processor.py:161} INFO - Processing /home/arthur/pipeline_tweets/venv/lib/python3.9/site-packages/airflow/example_dags/plugins/workday.py took 0.016 seconds
[2024-12-24 17:30:18,170] {processor.py:153} INFO - Started process (PID=36654) to work on /home/arthur/pipeline_tweets/venv/lib/python3.9/site-packages/airflow/example_dags/plugins/workday.py
[2024-12-24 17:30:18,171] {processor.py:641} INFO - Processing file /home/arthur/pipeline_tweets/venv/lib/python3.9/site-packages/airflow/example_dags/plugins/workday.py for tasks to queue
[2024-12-24 17:30:18,172] {logging_mixin.py:115} INFO - [2024-12-24 17:30:18,172] {dagbag.py:507} INFO - Filling up the DagBag from /home/arthur/pipeline_tweets/venv/lib/python3.9/site-packages/airflow/example_dags/plugins/workday.py
[2024-12-24 17:30:18,173] {processor.py:653} WARNING - No viable dags retrieved from /home/arthur/pipeline_tweets/venv/lib/python3.9/site-packages/airflow/example_dags/plugins/workday.py
[2024-12-24 17:30:18,183] {processor.py:161} INFO - Processing /home/arthur/pipeline_tweets/venv/lib/python3.9/site-packages/airflow/example_dags/plugins/workday.py took 0.016 seconds
[2024-12-24 17:30:49,540] {processor.py:153} INFO - Started process (PID=36794) to work on /home/arthur/pipeline_tweets/venv/lib/python3.9/site-packages/airflow/example_dags/plugins/workday.py
[2024-12-24 17:30:49,541] {processor.py:641} INFO - Processing file /home/arthur/pipeline_tweets/venv/lib/python3.9/site-packages/airflow/example_dags/plugins/workday.py for tasks to queue
[2024-12-24 17:30:49,541] {logging_mixin.py:115} INFO - [2024-12-24 17:30:49,541] {dagbag.py:507} INFO - Filling up the DagBag from /home/arthur/pipeline_tweets/venv/lib/python3.9/site-packages/airflow/example_dags/plugins/workday.py
[2024-12-24 17:30:49,542] {processor.py:653} WARNING - No viable dags retrieved from /home/arthur/pipeline_tweets/venv/lib/python3.9/site-packages/airflow/example_dags/plugins/workday.py
[2024-12-24 17:30:49,553] {processor.py:161} INFO - Processing /home/arthur/pipeline_tweets/venv/lib/python3.9/site-packages/airflow/example_dags/plugins/workday.py took 0.014 seconds
[2024-12-24 17:31:23,166] {processor.py:153} INFO - Started process (PID=36937) to work on /home/arthur/pipeline_tweets/venv/lib/python3.9/site-packages/airflow/example_dags/plugins/workday.py
[2024-12-24 17:31:23,168] {processor.py:641} INFO - Processing file /home/arthur/pipeline_tweets/venv/lib/python3.9/site-packages/airflow/example_dags/plugins/workday.py for tasks to queue
[2024-12-24 17:31:23,168] {logging_mixin.py:115} INFO - [2024-12-24 17:31:23,168] {dagbag.py:507} INFO - Filling up the DagBag from /home/arthur/pipeline_tweets/venv/lib/python3.9/site-packages/airflow/example_dags/plugins/workday.py
[2024-12-24 17:31:23,170] {processor.py:653} WARNING - No viable dags retrieved from /home/arthur/pipeline_tweets/venv/lib/python3.9/site-packages/airflow/example_dags/plugins/workday.py
[2024-12-24 17:31:23,180] {processor.py:161} INFO - Processing /home/arthur/pipeline_tweets/venv/lib/python3.9/site-packages/airflow/example_dags/plugins/workday.py took 0.016 seconds
[2024-12-24 17:31:32,302] {processor.py:153} INFO - Started process (PID=36981) to work on /home/arthur/pipeline_tweets/venv/lib/python3.9/site-packages/airflow/example_dags/plugins/workday.py
[2024-12-24 17:31:32,303] {processor.py:641} INFO - Processing file /home/arthur/pipeline_tweets/venv/lib/python3.9/site-packages/airflow/example_dags/plugins/workday.py for tasks to queue
[2024-12-24 17:31:32,303] {logging_mixin.py:115} INFO - [2024-12-24 17:31:32,303] {dagbag.py:507} INFO - Filling up the DagBag from /home/arthur/pipeline_tweets/venv/lib/python3.9/site-packages/airflow/example_dags/plugins/workday.py
[2024-12-24 17:31:32,305] {processor.py:653} WARNING - No viable dags retrieved from /home/arthur/pipeline_tweets/venv/lib/python3.9/site-packages/airflow/example_dags/plugins/workday.py
[2024-12-24 17:31:32,320] {processor.py:161} INFO - Processing /home/arthur/pipeline_tweets/venv/lib/python3.9/site-packages/airflow/example_dags/plugins/workday.py took 0.021 seconds
[2024-12-24 17:32:08,295] {processor.py:153} INFO - Started process (PID=37134) to work on /home/arthur/pipeline_tweets/venv/lib/python3.9/site-packages/airflow/example_dags/plugins/workday.py
[2024-12-24 17:32:08,296] {processor.py:641} INFO - Processing file /home/arthur/pipeline_tweets/venv/lib/python3.9/site-packages/airflow/example_dags/plugins/workday.py for tasks to queue
[2024-12-24 17:32:08,296] {logging_mixin.py:115} INFO - [2024-12-24 17:32:08,296] {dagbag.py:507} INFO - Filling up the DagBag from /home/arthur/pipeline_tweets/venv/lib/python3.9/site-packages/airflow/example_dags/plugins/workday.py
[2024-12-24 17:32:08,298] {processor.py:653} WARNING - No viable dags retrieved from /home/arthur/pipeline_tweets/venv/lib/python3.9/site-packages/airflow/example_dags/plugins/workday.py
[2024-12-24 17:32:08,310] {processor.py:161} INFO - Processing /home/arthur/pipeline_tweets/venv/lib/python3.9/site-packages/airflow/example_dags/plugins/workday.py took 0.017 seconds
[2024-12-24 17:32:39,059] {processor.py:153} INFO - Started process (PID=37273) to work on /home/arthur/pipeline_tweets/venv/lib/python3.9/site-packages/airflow/example_dags/plugins/workday.py
[2024-12-24 17:32:39,059] {processor.py:641} INFO - Processing file /home/arthur/pipeline_tweets/venv/lib/python3.9/site-packages/airflow/example_dags/plugins/workday.py for tasks to queue
[2024-12-24 17:32:39,060] {logging_mixin.py:115} INFO - [2024-12-24 17:32:39,060] {dagbag.py:507} INFO - Filling up the DagBag from /home/arthur/pipeline_tweets/venv/lib/python3.9/site-packages/airflow/example_dags/plugins/workday.py
[2024-12-24 17:32:39,061] {processor.py:653} WARNING - No viable dags retrieved from /home/arthur/pipeline_tweets/venv/lib/python3.9/site-packages/airflow/example_dags/plugins/workday.py
[2024-12-24 17:32:39,071] {processor.py:161} INFO - Processing /home/arthur/pipeline_tweets/venv/lib/python3.9/site-packages/airflow/example_dags/plugins/workday.py took 0.015 seconds
[2024-12-24 17:33:11,313] {processor.py:153} INFO - Started process (PID=37411) to work on /home/arthur/pipeline_tweets/venv/lib/python3.9/site-packages/airflow/example_dags/plugins/workday.py
[2024-12-24 17:33:11,315] {processor.py:641} INFO - Processing file /home/arthur/pipeline_tweets/venv/lib/python3.9/site-packages/airflow/example_dags/plugins/workday.py for tasks to queue
[2024-12-24 17:33:11,315] {logging_mixin.py:115} INFO - [2024-12-24 17:33:11,315] {dagbag.py:507} INFO - Filling up the DagBag from /home/arthur/pipeline_tweets/venv/lib/python3.9/site-packages/airflow/example_dags/plugins/workday.py
[2024-12-24 17:33:11,316] {processor.py:653} WARNING - No viable dags retrieved from /home/arthur/pipeline_tweets/venv/lib/python3.9/site-packages/airflow/example_dags/plugins/workday.py
[2024-12-24 17:33:11,328] {processor.py:161} INFO - Processing /home/arthur/pipeline_tweets/venv/lib/python3.9/site-packages/airflow/example_dags/plugins/workday.py took 0.017 seconds
[2024-12-24 17:33:46,900] {processor.py:153} INFO - Started process (PID=37570) to work on /home/arthur/pipeline_tweets/venv/lib/python3.9/site-packages/airflow/example_dags/plugins/workday.py
[2024-12-24 17:33:46,902] {processor.py:641} INFO - Processing file /home/arthur/pipeline_tweets/venv/lib/python3.9/site-packages/airflow/example_dags/plugins/workday.py for tasks to queue
[2024-12-24 17:33:46,902] {logging_mixin.py:115} INFO - [2024-12-24 17:33:46,902] {dagbag.py:507} INFO - Filling up the DagBag from /home/arthur/pipeline_tweets/venv/lib/python3.9/site-packages/airflow/example_dags/plugins/workday.py
[2024-12-24 17:33:46,903] {processor.py:653} WARNING - No viable dags retrieved from /home/arthur/pipeline_tweets/venv/lib/python3.9/site-packages/airflow/example_dags/plugins/workday.py
[2024-12-24 17:33:46,914] {processor.py:161} INFO - Processing /home/arthur/pipeline_tweets/venv/lib/python3.9/site-packages/airflow/example_dags/plugins/workday.py took 0.016 seconds
[2024-12-24 17:34:17,476] {processor.py:153} INFO - Started process (PID=37705) to work on /home/arthur/pipeline_tweets/venv/lib/python3.9/site-packages/airflow/example_dags/plugins/workday.py
[2024-12-24 17:34:17,476] {processor.py:641} INFO - Processing file /home/arthur/pipeline_tweets/venv/lib/python3.9/site-packages/airflow/example_dags/plugins/workday.py for tasks to queue
[2024-12-24 17:34:17,476] {logging_mixin.py:115} INFO - [2024-12-24 17:34:17,476] {dagbag.py:507} INFO - Filling up the DagBag from /home/arthur/pipeline_tweets/venv/lib/python3.9/site-packages/airflow/example_dags/plugins/workday.py
[2024-12-24 17:34:17,478] {processor.py:653} WARNING - No viable dags retrieved from /home/arthur/pipeline_tweets/venv/lib/python3.9/site-packages/airflow/example_dags/plugins/workday.py
[2024-12-24 17:34:17,487] {processor.py:161} INFO - Processing /home/arthur/pipeline_tweets/venv/lib/python3.9/site-packages/airflow/example_dags/plugins/workday.py took 0.014 seconds
[2024-12-24 17:34:50,494] {processor.py:153} INFO - Started process (PID=37899) to work on /home/arthur/pipeline_tweets/venv/lib/python3.9/site-packages/airflow/example_dags/plugins/workday.py
[2024-12-24 17:34:50,495] {processor.py:641} INFO - Processing file /home/arthur/pipeline_tweets/venv/lib/python3.9/site-packages/airflow/example_dags/plugins/workday.py for tasks to queue
[2024-12-24 17:34:50,495] {logging_mixin.py:115} INFO - [2024-12-24 17:34:50,495] {dagbag.py:507} INFO - Filling up the DagBag from /home/arthur/pipeline_tweets/venv/lib/python3.9/site-packages/airflow/example_dags/plugins/workday.py
[2024-12-24 17:34:50,497] {processor.py:653} WARNING - No viable dags retrieved from /home/arthur/pipeline_tweets/venv/lib/python3.9/site-packages/airflow/example_dags/plugins/workday.py
[2024-12-24 17:34:50,505] {processor.py:161} INFO - Processing /home/arthur/pipeline_tweets/venv/lib/python3.9/site-packages/airflow/example_dags/plugins/workday.py took 0.013 seconds
[2024-12-24 17:35:22,875] {processor.py:153} INFO - Started process (PID=38099) to work on /home/arthur/pipeline_tweets/venv/lib/python3.9/site-packages/airflow/example_dags/plugins/workday.py
[2024-12-24 17:35:22,876] {processor.py:641} INFO - Processing file /home/arthur/pipeline_tweets/venv/lib/python3.9/site-packages/airflow/example_dags/plugins/workday.py for tasks to queue
[2024-12-24 17:35:22,876] {logging_mixin.py:115} INFO - [2024-12-24 17:35:22,876] {dagbag.py:507} INFO - Filling up the DagBag from /home/arthur/pipeline_tweets/venv/lib/python3.9/site-packages/airflow/example_dags/plugins/workday.py
[2024-12-24 17:35:22,877] {processor.py:653} WARNING - No viable dags retrieved from /home/arthur/pipeline_tweets/venv/lib/python3.9/site-packages/airflow/example_dags/plugins/workday.py
[2024-12-24 17:35:22,885] {processor.py:161} INFO - Processing /home/arthur/pipeline_tweets/venv/lib/python3.9/site-packages/airflow/example_dags/plugins/workday.py took 0.011 seconds
[2024-12-24 17:35:58,770] {processor.py:153} INFO - Started process (PID=38284) to work on /home/arthur/pipeline_tweets/venv/lib/python3.9/site-packages/airflow/example_dags/plugins/workday.py
[2024-12-24 17:35:58,771] {processor.py:641} INFO - Processing file /home/arthur/pipeline_tweets/venv/lib/python3.9/site-packages/airflow/example_dags/plugins/workday.py for tasks to queue
[2024-12-24 17:35:58,771] {logging_mixin.py:115} INFO - [2024-12-24 17:35:58,771] {dagbag.py:507} INFO - Filling up the DagBag from /home/arthur/pipeline_tweets/venv/lib/python3.9/site-packages/airflow/example_dags/plugins/workday.py
[2024-12-24 17:35:58,773] {processor.py:653} WARNING - No viable dags retrieved from /home/arthur/pipeline_tweets/venv/lib/python3.9/site-packages/airflow/example_dags/plugins/workday.py
[2024-12-24 17:35:58,782] {processor.py:161} INFO - Processing /home/arthur/pipeline_tweets/venv/lib/python3.9/site-packages/airflow/example_dags/plugins/workday.py took 0.014 seconds
[2024-12-24 17:36:32,143] {processor.py:153} INFO - Started process (PID=38427) to work on /home/arthur/pipeline_tweets/venv/lib/python3.9/site-packages/airflow/example_dags/plugins/workday.py
[2024-12-24 17:36:32,143] {processor.py:641} INFO - Processing file /home/arthur/pipeline_tweets/venv/lib/python3.9/site-packages/airflow/example_dags/plugins/workday.py for tasks to queue
[2024-12-24 17:36:32,144] {logging_mixin.py:115} INFO - [2024-12-24 17:36:32,144] {dagbag.py:507} INFO - Filling up the DagBag from /home/arthur/pipeline_tweets/venv/lib/python3.9/site-packages/airflow/example_dags/plugins/workday.py
[2024-12-24 17:36:32,145] {processor.py:653} WARNING - No viable dags retrieved from /home/arthur/pipeline_tweets/venv/lib/python3.9/site-packages/airflow/example_dags/plugins/workday.py
[2024-12-24 17:36:32,153] {processor.py:161} INFO - Processing /home/arthur/pipeline_tweets/venv/lib/python3.9/site-packages/airflow/example_dags/plugins/workday.py took 0.012 seconds
[2024-12-24 17:36:52,522] {processor.py:153} INFO - Started process (PID=38518) to work on /home/arthur/pipeline_tweets/venv/lib/python3.9/site-packages/airflow/example_dags/plugins/workday.py
[2024-12-24 17:36:52,523] {processor.py:641} INFO - Processing file /home/arthur/pipeline_tweets/venv/lib/python3.9/site-packages/airflow/example_dags/plugins/workday.py for tasks to queue
[2024-12-24 17:36:52,523] {logging_mixin.py:115} INFO - [2024-12-24 17:36:52,523] {dagbag.py:507} INFO - Filling up the DagBag from /home/arthur/pipeline_tweets/venv/lib/python3.9/site-packages/airflow/example_dags/plugins/workday.py
[2024-12-24 17:36:52,525] {processor.py:653} WARNING - No viable dags retrieved from /home/arthur/pipeline_tweets/venv/lib/python3.9/site-packages/airflow/example_dags/plugins/workday.py
[2024-12-24 17:36:52,534] {processor.py:161} INFO - Processing /home/arthur/pipeline_tweets/venv/lib/python3.9/site-packages/airflow/example_dags/plugins/workday.py took 0.016 seconds
[2024-12-24 17:37:25,069] {processor.py:153} INFO - Started process (PID=38731) to work on /home/arthur/pipeline_tweets/venv/lib/python3.9/site-packages/airflow/example_dags/plugins/workday.py
[2024-12-24 17:37:25,071] {processor.py:641} INFO - Processing file /home/arthur/pipeline_tweets/venv/lib/python3.9/site-packages/airflow/example_dags/plugins/workday.py for tasks to queue
[2024-12-24 17:37:25,071] {logging_mixin.py:115} INFO - [2024-12-24 17:37:25,071] {dagbag.py:507} INFO - Filling up the DagBag from /home/arthur/pipeline_tweets/venv/lib/python3.9/site-packages/airflow/example_dags/plugins/workday.py
[2024-12-24 17:37:25,072] {processor.py:653} WARNING - No viable dags retrieved from /home/arthur/pipeline_tweets/venv/lib/python3.9/site-packages/airflow/example_dags/plugins/workday.py
[2024-12-24 17:37:25,082] {processor.py:161} INFO - Processing /home/arthur/pipeline_tweets/venv/lib/python3.9/site-packages/airflow/example_dags/plugins/workday.py took 0.015 seconds
[2024-12-24 17:37:58,629] {processor.py:153} INFO - Started process (PID=38971) to work on /home/arthur/pipeline_tweets/venv/lib/python3.9/site-packages/airflow/example_dags/plugins/workday.py
[2024-12-24 17:37:58,630] {processor.py:641} INFO - Processing file /home/arthur/pipeline_tweets/venv/lib/python3.9/site-packages/airflow/example_dags/plugins/workday.py for tasks to queue
[2024-12-24 17:37:58,631] {logging_mixin.py:115} INFO - [2024-12-24 17:37:58,631] {dagbag.py:507} INFO - Filling up the DagBag from /home/arthur/pipeline_tweets/venv/lib/python3.9/site-packages/airflow/example_dags/plugins/workday.py
[2024-12-24 17:37:58,633] {processor.py:653} WARNING - No viable dags retrieved from /home/arthur/pipeline_tweets/venv/lib/python3.9/site-packages/airflow/example_dags/plugins/workday.py
[2024-12-24 17:37:58,641] {processor.py:161} INFO - Processing /home/arthur/pipeline_tweets/venv/lib/python3.9/site-packages/airflow/example_dags/plugins/workday.py took 0.014 seconds
[2024-12-24 17:38:30,436] {processor.py:153} INFO - Started process (PID=39108) to work on /home/arthur/pipeline_tweets/venv/lib/python3.9/site-packages/airflow/example_dags/plugins/workday.py
[2024-12-24 17:38:30,436] {processor.py:641} INFO - Processing file /home/arthur/pipeline_tweets/venv/lib/python3.9/site-packages/airflow/example_dags/plugins/workday.py for tasks to queue
[2024-12-24 17:38:30,436] {logging_mixin.py:115} INFO - [2024-12-24 17:38:30,436] {dagbag.py:507} INFO - Filling up the DagBag from /home/arthur/pipeline_tweets/venv/lib/python3.9/site-packages/airflow/example_dags/plugins/workday.py
[2024-12-24 17:38:30,438] {processor.py:653} WARNING - No viable dags retrieved from /home/arthur/pipeline_tweets/venv/lib/python3.9/site-packages/airflow/example_dags/plugins/workday.py
[2024-12-24 17:38:30,446] {processor.py:161} INFO - Processing /home/arthur/pipeline_tweets/venv/lib/python3.9/site-packages/airflow/example_dags/plugins/workday.py took 0.012 seconds
[2024-12-24 17:38:52,689] {processor.py:153} INFO - Started process (PID=39209) to work on /home/arthur/pipeline_tweets/venv/lib/python3.9/site-packages/airflow/example_dags/plugins/workday.py
[2024-12-24 17:38:52,691] {processor.py:641} INFO - Processing file /home/arthur/pipeline_tweets/venv/lib/python3.9/site-packages/airflow/example_dags/plugins/workday.py for tasks to queue
[2024-12-24 17:38:52,691] {logging_mixin.py:115} INFO - [2024-12-24 17:38:52,691] {dagbag.py:507} INFO - Filling up the DagBag from /home/arthur/pipeline_tweets/venv/lib/python3.9/site-packages/airflow/example_dags/plugins/workday.py
[2024-12-24 17:38:52,693] {processor.py:653} WARNING - No viable dags retrieved from /home/arthur/pipeline_tweets/venv/lib/python3.9/site-packages/airflow/example_dags/plugins/workday.py
[2024-12-24 17:38:52,701] {processor.py:161} INFO - Processing /home/arthur/pipeline_tweets/venv/lib/python3.9/site-packages/airflow/example_dags/plugins/workday.py took 0.013 seconds
[2024-12-24 17:39:23,444] {processor.py:153} INFO - Started process (PID=39350) to work on /home/arthur/pipeline_tweets/venv/lib/python3.9/site-packages/airflow/example_dags/plugins/workday.py
[2024-12-24 17:39:23,445] {processor.py:641} INFO - Processing file /home/arthur/pipeline_tweets/venv/lib/python3.9/site-packages/airflow/example_dags/plugins/workday.py for tasks to queue
[2024-12-24 17:39:23,445] {logging_mixin.py:115} INFO - [2024-12-24 17:39:23,445] {dagbag.py:507} INFO - Filling up the DagBag from /home/arthur/pipeline_tweets/venv/lib/python3.9/site-packages/airflow/example_dags/plugins/workday.py
[2024-12-24 17:39:23,446] {processor.py:653} WARNING - No viable dags retrieved from /home/arthur/pipeline_tweets/venv/lib/python3.9/site-packages/airflow/example_dags/plugins/workday.py
[2024-12-24 17:39:23,454] {processor.py:161} INFO - Processing /home/arthur/pipeline_tweets/venv/lib/python3.9/site-packages/airflow/example_dags/plugins/workday.py took 0.012 seconds
[2024-12-24 17:40:16,891] {processor.py:153} INFO - Started process (PID=39490) to work on /home/arthur/pipeline_tweets/venv/lib/python3.9/site-packages/airflow/example_dags/plugins/workday.py
[2024-12-24 17:40:16,893] {processor.py:641} INFO - Processing file /home/arthur/pipeline_tweets/venv/lib/python3.9/site-packages/airflow/example_dags/plugins/workday.py for tasks to queue
[2024-12-24 17:40:16,893] {logging_mixin.py:115} INFO - [2024-12-24 17:40:16,893] {dagbag.py:507} INFO - Filling up the DagBag from /home/arthur/pipeline_tweets/venv/lib/python3.9/site-packages/airflow/example_dags/plugins/workday.py
[2024-12-24 17:40:16,894] {processor.py:653} WARNING - No viable dags retrieved from /home/arthur/pipeline_tweets/venv/lib/python3.9/site-packages/airflow/example_dags/plugins/workday.py
[2024-12-24 17:40:16,902] {processor.py:161} INFO - Processing /home/arthur/pipeline_tweets/venv/lib/python3.9/site-packages/airflow/example_dags/plugins/workday.py took 0.013 seconds
[2024-12-24 17:40:33,938] {processor.py:153} INFO - Started process (PID=39690) to work on /home/arthur/pipeline_tweets/venv/lib/python3.9/site-packages/airflow/example_dags/plugins/workday.py
[2024-12-24 17:40:33,939] {processor.py:641} INFO - Processing file /home/arthur/pipeline_tweets/venv/lib/python3.9/site-packages/airflow/example_dags/plugins/workday.py for tasks to queue
[2024-12-24 17:40:33,940] {logging_mixin.py:115} INFO - [2024-12-24 17:40:33,939] {dagbag.py:507} INFO - Filling up the DagBag from /home/arthur/pipeline_tweets/venv/lib/python3.9/site-packages/airflow/example_dags/plugins/workday.py
[2024-12-24 17:40:33,941] {processor.py:653} WARNING - No viable dags retrieved from /home/arthur/pipeline_tweets/venv/lib/python3.9/site-packages/airflow/example_dags/plugins/workday.py
[2024-12-24 17:40:33,948] {processor.py:161} INFO - Processing /home/arthur/pipeline_tweets/venv/lib/python3.9/site-packages/airflow/example_dags/plugins/workday.py took 0.013 seconds
[2024-12-24 17:41:04,191] {processor.py:153} INFO - Started process (PID=39825) to work on /home/arthur/pipeline_tweets/venv/lib/python3.9/site-packages/airflow/example_dags/plugins/workday.py
[2024-12-24 17:41:04,192] {processor.py:641} INFO - Processing file /home/arthur/pipeline_tweets/venv/lib/python3.9/site-packages/airflow/example_dags/plugins/workday.py for tasks to queue
[2024-12-24 17:41:04,192] {logging_mixin.py:115} INFO - [2024-12-24 17:41:04,192] {dagbag.py:507} INFO - Filling up the DagBag from /home/arthur/pipeline_tweets/venv/lib/python3.9/site-packages/airflow/example_dags/plugins/workday.py
[2024-12-24 17:41:04,193] {processor.py:653} WARNING - No viable dags retrieved from /home/arthur/pipeline_tweets/venv/lib/python3.9/site-packages/airflow/example_dags/plugins/workday.py
[2024-12-24 17:41:04,201] {processor.py:161} INFO - Processing /home/arthur/pipeline_tweets/venv/lib/python3.9/site-packages/airflow/example_dags/plugins/workday.py took 0.012 seconds
[2024-12-24 17:41:38,655] {processor.py:153} INFO - Started process (PID=39993) to work on /home/arthur/pipeline_tweets/venv/lib/python3.9/site-packages/airflow/example_dags/plugins/workday.py
[2024-12-24 17:41:38,656] {processor.py:641} INFO - Processing file /home/arthur/pipeline_tweets/venv/lib/python3.9/site-packages/airflow/example_dags/plugins/workday.py for tasks to queue
[2024-12-24 17:41:38,657] {logging_mixin.py:115} INFO - [2024-12-24 17:41:38,657] {dagbag.py:507} INFO - Filling up the DagBag from /home/arthur/pipeline_tweets/venv/lib/python3.9/site-packages/airflow/example_dags/plugins/workday.py
[2024-12-24 17:41:38,658] {processor.py:653} WARNING - No viable dags retrieved from /home/arthur/pipeline_tweets/venv/lib/python3.9/site-packages/airflow/example_dags/plugins/workday.py
[2024-12-24 17:41:38,667] {processor.py:161} INFO - Processing /home/arthur/pipeline_tweets/venv/lib/python3.9/site-packages/airflow/example_dags/plugins/workday.py took 0.014 seconds
[2024-12-24 17:42:10,537] {processor.py:153} INFO - Started process (PID=40145) to work on /home/arthur/pipeline_tweets/venv/lib/python3.9/site-packages/airflow/example_dags/plugins/workday.py
[2024-12-24 17:42:10,538] {processor.py:641} INFO - Processing file /home/arthur/pipeline_tweets/venv/lib/python3.9/site-packages/airflow/example_dags/plugins/workday.py for tasks to queue
[2024-12-24 17:42:10,538] {logging_mixin.py:115} INFO - [2024-12-24 17:42:10,538] {dagbag.py:507} INFO - Filling up the DagBag from /home/arthur/pipeline_tweets/venv/lib/python3.9/site-packages/airflow/example_dags/plugins/workday.py
[2024-12-24 17:42:10,539] {processor.py:653} WARNING - No viable dags retrieved from /home/arthur/pipeline_tweets/venv/lib/python3.9/site-packages/airflow/example_dags/plugins/workday.py
[2024-12-24 17:42:10,548] {processor.py:161} INFO - Processing /home/arthur/pipeline_tweets/venv/lib/python3.9/site-packages/airflow/example_dags/plugins/workday.py took 0.015 seconds
[2024-12-24 17:42:44,147] {processor.py:153} INFO - Started process (PID=40288) to work on /home/arthur/pipeline_tweets/venv/lib/python3.9/site-packages/airflow/example_dags/plugins/workday.py
[2024-12-24 17:42:44,148] {processor.py:641} INFO - Processing file /home/arthur/pipeline_tweets/venv/lib/python3.9/site-packages/airflow/example_dags/plugins/workday.py for tasks to queue
[2024-12-24 17:42:44,149] {logging_mixin.py:115} INFO - [2024-12-24 17:42:44,149] {dagbag.py:507} INFO - Filling up the DagBag from /home/arthur/pipeline_tweets/venv/lib/python3.9/site-packages/airflow/example_dags/plugins/workday.py
[2024-12-24 17:42:44,150] {processor.py:653} WARNING - No viable dags retrieved from /home/arthur/pipeline_tweets/venv/lib/python3.9/site-packages/airflow/example_dags/plugins/workday.py
[2024-12-24 17:42:44,157] {processor.py:161} INFO - Processing /home/arthur/pipeline_tweets/venv/lib/python3.9/site-packages/airflow/example_dags/plugins/workday.py took 0.012 seconds
[2024-12-24 17:43:15,905] {processor.py:153} INFO - Started process (PID=40492) to work on /home/arthur/pipeline_tweets/venv/lib/python3.9/site-packages/airflow/example_dags/plugins/workday.py
[2024-12-24 17:43:15,905] {processor.py:641} INFO - Processing file /home/arthur/pipeline_tweets/venv/lib/python3.9/site-packages/airflow/example_dags/plugins/workday.py for tasks to queue
[2024-12-24 17:43:15,906] {logging_mixin.py:115} INFO - [2024-12-24 17:43:15,906] {dagbag.py:507} INFO - Filling up the DagBag from /home/arthur/pipeline_tweets/venv/lib/python3.9/site-packages/airflow/example_dags/plugins/workday.py
[2024-12-24 17:43:15,907] {processor.py:653} WARNING - No viable dags retrieved from /home/arthur/pipeline_tweets/venv/lib/python3.9/site-packages/airflow/example_dags/plugins/workday.py
[2024-12-24 17:43:15,915] {processor.py:161} INFO - Processing /home/arthur/pipeline_tweets/venv/lib/python3.9/site-packages/airflow/example_dags/plugins/workday.py took 0.012 seconds
[2024-12-24 17:44:23,164] {processor.py:153} INFO - Started process (PID=40986) to work on /home/arthur/pipeline_tweets/venv/lib/python3.9/site-packages/airflow/example_dags/plugins/workday.py
[2024-12-24 17:44:23,165] {processor.py:641} INFO - Processing file /home/arthur/pipeline_tweets/venv/lib/python3.9/site-packages/airflow/example_dags/plugins/workday.py for tasks to queue
[2024-12-24 17:44:23,165] {logging_mixin.py:115} INFO - [2024-12-24 17:44:23,165] {dagbag.py:507} INFO - Filling up the DagBag from /home/arthur/pipeline_tweets/venv/lib/python3.9/site-packages/airflow/example_dags/plugins/workday.py
[2024-12-24 17:44:23,167] {processor.py:653} WARNING - No viable dags retrieved from /home/arthur/pipeline_tweets/venv/lib/python3.9/site-packages/airflow/example_dags/plugins/workday.py
[2024-12-24 17:44:23,175] {processor.py:161} INFO - Processing /home/arthur/pipeline_tweets/venv/lib/python3.9/site-packages/airflow/example_dags/plugins/workday.py took 0.013 seconds
[2024-12-24 17:44:53,487] {processor.py:153} INFO - Started process (PID=41169) to work on /home/arthur/pipeline_tweets/venv/lib/python3.9/site-packages/airflow/example_dags/plugins/workday.py
[2024-12-24 17:44:53,488] {processor.py:641} INFO - Processing file /home/arthur/pipeline_tweets/venv/lib/python3.9/site-packages/airflow/example_dags/plugins/workday.py for tasks to queue
[2024-12-24 17:44:53,488] {logging_mixin.py:115} INFO - [2024-12-24 17:44:53,488] {dagbag.py:507} INFO - Filling up the DagBag from /home/arthur/pipeline_tweets/venv/lib/python3.9/site-packages/airflow/example_dags/plugins/workday.py
[2024-12-24 17:44:53,490] {processor.py:653} WARNING - No viable dags retrieved from /home/arthur/pipeline_tweets/venv/lib/python3.9/site-packages/airflow/example_dags/plugins/workday.py
[2024-12-24 17:44:53,499] {processor.py:161} INFO - Processing /home/arthur/pipeline_tweets/venv/lib/python3.9/site-packages/airflow/example_dags/plugins/workday.py took 0.014 seconds
[2024-12-24 17:45:26,091] {processor.py:153} INFO - Started process (PID=41326) to work on /home/arthur/pipeline_tweets/venv/lib/python3.9/site-packages/airflow/example_dags/plugins/workday.py
[2024-12-24 17:45:26,092] {processor.py:641} INFO - Processing file /home/arthur/pipeline_tweets/venv/lib/python3.9/site-packages/airflow/example_dags/plugins/workday.py for tasks to queue
[2024-12-24 17:45:26,092] {logging_mixin.py:115} INFO - [2024-12-24 17:45:26,092] {dagbag.py:507} INFO - Filling up the DagBag from /home/arthur/pipeline_tweets/venv/lib/python3.9/site-packages/airflow/example_dags/plugins/workday.py
[2024-12-24 17:45:26,094] {processor.py:653} WARNING - No viable dags retrieved from /home/arthur/pipeline_tweets/venv/lib/python3.9/site-packages/airflow/example_dags/plugins/workday.py
[2024-12-24 17:45:26,102] {processor.py:161} INFO - Processing /home/arthur/pipeline_tweets/venv/lib/python3.9/site-packages/airflow/example_dags/plugins/workday.py took 0.013 seconds
[2024-12-24 17:46:36,433] {processor.py:153} INFO - Started process (PID=41503) to work on /home/arthur/pipeline_tweets/venv/lib/python3.9/site-packages/airflow/example_dags/plugins/workday.py
[2024-12-24 17:46:36,434] {processor.py:641} INFO - Processing file /home/arthur/pipeline_tweets/venv/lib/python3.9/site-packages/airflow/example_dags/plugins/workday.py for tasks to queue
[2024-12-24 17:46:36,435] {logging_mixin.py:115} INFO - [2024-12-24 17:46:36,434] {dagbag.py:507} INFO - Filling up the DagBag from /home/arthur/pipeline_tweets/venv/lib/python3.9/site-packages/airflow/example_dags/plugins/workday.py
[2024-12-24 17:46:36,436] {processor.py:653} WARNING - No viable dags retrieved from /home/arthur/pipeline_tweets/venv/lib/python3.9/site-packages/airflow/example_dags/plugins/workday.py
[2024-12-24 17:46:36,444] {processor.py:161} INFO - Processing /home/arthur/pipeline_tweets/venv/lib/python3.9/site-packages/airflow/example_dags/plugins/workday.py took 0.013 seconds
[2024-12-24 17:46:49,045] {processor.py:153} INFO - Started process (PID=41789) to work on /home/arthur/pipeline_tweets/venv/lib/python3.9/site-packages/airflow/example_dags/plugins/workday.py
[2024-12-24 17:46:49,046] {processor.py:641} INFO - Processing file /home/arthur/pipeline_tweets/venv/lib/python3.9/site-packages/airflow/example_dags/plugins/workday.py for tasks to queue
[2024-12-24 17:46:49,046] {logging_mixin.py:115} INFO - [2024-12-24 17:46:49,046] {dagbag.py:507} INFO - Filling up the DagBag from /home/arthur/pipeline_tweets/venv/lib/python3.9/site-packages/airflow/example_dags/plugins/workday.py
[2024-12-24 17:46:49,048] {processor.py:653} WARNING - No viable dags retrieved from /home/arthur/pipeline_tweets/venv/lib/python3.9/site-packages/airflow/example_dags/plugins/workday.py
[2024-12-24 17:46:49,055] {processor.py:161} INFO - Processing /home/arthur/pipeline_tweets/venv/lib/python3.9/site-packages/airflow/example_dags/plugins/workday.py took 0.013 seconds
[2024-12-24 17:47:20,919] {processor.py:153} INFO - Started process (PID=41930) to work on /home/arthur/pipeline_tweets/venv/lib/python3.9/site-packages/airflow/example_dags/plugins/workday.py
[2024-12-24 17:47:20,921] {processor.py:641} INFO - Processing file /home/arthur/pipeline_tweets/venv/lib/python3.9/site-packages/airflow/example_dags/plugins/workday.py for tasks to queue
[2024-12-24 17:47:20,921] {logging_mixin.py:115} INFO - [2024-12-24 17:47:20,921] {dagbag.py:507} INFO - Filling up the DagBag from /home/arthur/pipeline_tweets/venv/lib/python3.9/site-packages/airflow/example_dags/plugins/workday.py
[2024-12-24 17:47:20,922] {processor.py:653} WARNING - No viable dags retrieved from /home/arthur/pipeline_tweets/venv/lib/python3.9/site-packages/airflow/example_dags/plugins/workday.py
[2024-12-24 17:47:20,931] {processor.py:161} INFO - Processing /home/arthur/pipeline_tweets/venv/lib/python3.9/site-packages/airflow/example_dags/plugins/workday.py took 0.013 seconds
[2024-12-24 17:47:34,052] {processor.py:153} INFO - Started process (PID=41985) to work on /home/arthur/pipeline_tweets/venv/lib/python3.9/site-packages/airflow/example_dags/plugins/workday.py
[2024-12-24 17:47:34,052] {processor.py:641} INFO - Processing file /home/arthur/pipeline_tweets/venv/lib/python3.9/site-packages/airflow/example_dags/plugins/workday.py for tasks to queue
[2024-12-24 17:47:34,053] {logging_mixin.py:115} INFO - [2024-12-24 17:47:34,053] {dagbag.py:507} INFO - Filling up the DagBag from /home/arthur/pipeline_tweets/venv/lib/python3.9/site-packages/airflow/example_dags/plugins/workday.py
[2024-12-24 17:47:34,054] {processor.py:653} WARNING - No viable dags retrieved from /home/arthur/pipeline_tweets/venv/lib/python3.9/site-packages/airflow/example_dags/plugins/workday.py
[2024-12-24 17:47:34,062] {processor.py:161} INFO - Processing /home/arthur/pipeline_tweets/venv/lib/python3.9/site-packages/airflow/example_dags/plugins/workday.py took 0.012 seconds
[2024-12-24 17:48:05,879] {processor.py:153} INFO - Started process (PID=42156) to work on /home/arthur/pipeline_tweets/venv/lib/python3.9/site-packages/airflow/example_dags/plugins/workday.py
[2024-12-24 17:48:05,881] {processor.py:641} INFO - Processing file /home/arthur/pipeline_tweets/venv/lib/python3.9/site-packages/airflow/example_dags/plugins/workday.py for tasks to queue
[2024-12-24 17:48:05,881] {logging_mixin.py:115} INFO - [2024-12-24 17:48:05,881] {dagbag.py:507} INFO - Filling up the DagBag from /home/arthur/pipeline_tweets/venv/lib/python3.9/site-packages/airflow/example_dags/plugins/workday.py
[2024-12-24 17:48:05,882] {processor.py:653} WARNING - No viable dags retrieved from /home/arthur/pipeline_tweets/venv/lib/python3.9/site-packages/airflow/example_dags/plugins/workday.py
[2024-12-24 17:48:05,889] {processor.py:161} INFO - Processing /home/arthur/pipeline_tweets/venv/lib/python3.9/site-packages/airflow/example_dags/plugins/workday.py took 0.012 seconds
[2024-12-24 17:48:37,635] {processor.py:153} INFO - Started process (PID=42308) to work on /home/arthur/pipeline_tweets/venv/lib/python3.9/site-packages/airflow/example_dags/plugins/workday.py
[2024-12-24 17:48:37,636] {processor.py:641} INFO - Processing file /home/arthur/pipeline_tweets/venv/lib/python3.9/site-packages/airflow/example_dags/plugins/workday.py for tasks to queue
[2024-12-24 17:48:37,636] {logging_mixin.py:115} INFO - [2024-12-24 17:48:37,636] {dagbag.py:507} INFO - Filling up the DagBag from /home/arthur/pipeline_tweets/venv/lib/python3.9/site-packages/airflow/example_dags/plugins/workday.py
[2024-12-24 17:48:37,637] {processor.py:653} WARNING - No viable dags retrieved from /home/arthur/pipeline_tweets/venv/lib/python3.9/site-packages/airflow/example_dags/plugins/workday.py
[2024-12-24 17:48:37,644] {processor.py:161} INFO - Processing /home/arthur/pipeline_tweets/venv/lib/python3.9/site-packages/airflow/example_dags/plugins/workday.py took 0.011 seconds
[2024-12-24 17:49:47,591] {processor.py:153} INFO - Started process (PID=42483) to work on /home/arthur/pipeline_tweets/venv/lib/python3.9/site-packages/airflow/example_dags/plugins/workday.py
[2024-12-24 17:49:47,592] {processor.py:641} INFO - Processing file /home/arthur/pipeline_tweets/venv/lib/python3.9/site-packages/airflow/example_dags/plugins/workday.py for tasks to queue
[2024-12-24 17:49:47,592] {logging_mixin.py:115} INFO - [2024-12-24 17:49:47,592] {dagbag.py:507} INFO - Filling up the DagBag from /home/arthur/pipeline_tweets/venv/lib/python3.9/site-packages/airflow/example_dags/plugins/workday.py
[2024-12-24 17:49:47,593] {processor.py:653} WARNING - No viable dags retrieved from /home/arthur/pipeline_tweets/venv/lib/python3.9/site-packages/airflow/example_dags/plugins/workday.py
[2024-12-24 17:49:47,601] {processor.py:161} INFO - Processing /home/arthur/pipeline_tweets/venv/lib/python3.9/site-packages/airflow/example_dags/plugins/workday.py took 0.013 seconds
[2024-12-24 17:50:35,758] {processor.py:153} INFO - Started process (PID=42773) to work on /home/arthur/pipeline_tweets/venv/lib/python3.9/site-packages/airflow/example_dags/plugins/workday.py
[2024-12-24 17:50:35,759] {processor.py:641} INFO - Processing file /home/arthur/pipeline_tweets/venv/lib/python3.9/site-packages/airflow/example_dags/plugins/workday.py for tasks to queue
[2024-12-24 17:50:35,760] {logging_mixin.py:115} INFO - [2024-12-24 17:50:35,760] {dagbag.py:507} INFO - Filling up the DagBag from /home/arthur/pipeline_tweets/venv/lib/python3.9/site-packages/airflow/example_dags/plugins/workday.py
[2024-12-24 17:50:35,761] {processor.py:653} WARNING - No viable dags retrieved from /home/arthur/pipeline_tweets/venv/lib/python3.9/site-packages/airflow/example_dags/plugins/workday.py
[2024-12-24 17:50:35,770] {processor.py:161} INFO - Processing /home/arthur/pipeline_tweets/venv/lib/python3.9/site-packages/airflow/example_dags/plugins/workday.py took 0.015 seconds
[2024-12-24 17:51:14,987] {processor.py:153} INFO - Started process (PID=43221) to work on /home/arthur/pipeline_tweets/venv/lib/python3.9/site-packages/airflow/example_dags/plugins/workday.py
[2024-12-24 17:51:14,989] {processor.py:641} INFO - Processing file /home/arthur/pipeline_tweets/venv/lib/python3.9/site-packages/airflow/example_dags/plugins/workday.py for tasks to queue
[2024-12-24 17:51:14,989] {logging_mixin.py:115} INFO - [2024-12-24 17:51:14,989] {dagbag.py:507} INFO - Filling up the DagBag from /home/arthur/pipeline_tweets/venv/lib/python3.9/site-packages/airflow/example_dags/plugins/workday.py
[2024-12-24 17:51:14,990] {processor.py:653} WARNING - No viable dags retrieved from /home/arthur/pipeline_tweets/venv/lib/python3.9/site-packages/airflow/example_dags/plugins/workday.py
[2024-12-24 17:51:14,998] {processor.py:161} INFO - Processing /home/arthur/pipeline_tweets/venv/lib/python3.9/site-packages/airflow/example_dags/plugins/workday.py took 0.013 seconds
[2024-12-24 17:51:46,829] {processor.py:153} INFO - Started process (PID=43357) to work on /home/arthur/pipeline_tweets/venv/lib/python3.9/site-packages/airflow/example_dags/plugins/workday.py
[2024-12-24 17:51:46,829] {processor.py:641} INFO - Processing file /home/arthur/pipeline_tweets/venv/lib/python3.9/site-packages/airflow/example_dags/plugins/workday.py for tasks to queue
[2024-12-24 17:51:46,830] {logging_mixin.py:115} INFO - [2024-12-24 17:51:46,830] {dagbag.py:507} INFO - Filling up the DagBag from /home/arthur/pipeline_tweets/venv/lib/python3.9/site-packages/airflow/example_dags/plugins/workday.py
[2024-12-24 17:51:46,831] {processor.py:653} WARNING - No viable dags retrieved from /home/arthur/pipeline_tweets/venv/lib/python3.9/site-packages/airflow/example_dags/plugins/workday.py
[2024-12-24 17:51:46,839] {processor.py:161} INFO - Processing /home/arthur/pipeline_tweets/venv/lib/python3.9/site-packages/airflow/example_dags/plugins/workday.py took 0.012 seconds
[2024-12-24 17:52:18,218] {processor.py:153} INFO - Started process (PID=43528) to work on /home/arthur/pipeline_tweets/venv/lib/python3.9/site-packages/airflow/example_dags/plugins/workday.py
[2024-12-24 17:52:18,219] {processor.py:641} INFO - Processing file /home/arthur/pipeline_tweets/venv/lib/python3.9/site-packages/airflow/example_dags/plugins/workday.py for tasks to queue
[2024-12-24 17:52:18,219] {logging_mixin.py:115} INFO - [2024-12-24 17:52:18,219] {dagbag.py:507} INFO - Filling up the DagBag from /home/arthur/pipeline_tweets/venv/lib/python3.9/site-packages/airflow/example_dags/plugins/workday.py
[2024-12-24 17:52:18,220] {processor.py:653} WARNING - No viable dags retrieved from /home/arthur/pipeline_tweets/venv/lib/python3.9/site-packages/airflow/example_dags/plugins/workday.py
[2024-12-24 17:52:18,232] {processor.py:161} INFO - Processing /home/arthur/pipeline_tweets/venv/lib/python3.9/site-packages/airflow/example_dags/plugins/workday.py took 0.016 seconds
[2024-12-24 17:53:01,689] {processor.py:153} INFO - Started process (PID=43695) to work on /home/arthur/pipeline_tweets/venv/lib/python3.9/site-packages/airflow/example_dags/plugins/workday.py
[2024-12-24 17:53:01,690] {processor.py:641} INFO - Processing file /home/arthur/pipeline_tweets/venv/lib/python3.9/site-packages/airflow/example_dags/plugins/workday.py for tasks to queue
[2024-12-24 17:53:01,690] {logging_mixin.py:115} INFO - [2024-12-24 17:53:01,690] {dagbag.py:507} INFO - Filling up the DagBag from /home/arthur/pipeline_tweets/venv/lib/python3.9/site-packages/airflow/example_dags/plugins/workday.py
[2024-12-24 17:53:01,691] {processor.py:653} WARNING - No viable dags retrieved from /home/arthur/pipeline_tweets/venv/lib/python3.9/site-packages/airflow/example_dags/plugins/workday.py
[2024-12-24 17:53:01,700] {processor.py:161} INFO - Processing /home/arthur/pipeline_tweets/venv/lib/python3.9/site-packages/airflow/example_dags/plugins/workday.py took 0.014 seconds
[2024-12-24 17:53:32,451] {processor.py:153} INFO - Started process (PID=43881) to work on /home/arthur/pipeline_tweets/venv/lib/python3.9/site-packages/airflow/example_dags/plugins/workday.py
[2024-12-24 17:53:32,452] {processor.py:641} INFO - Processing file /home/arthur/pipeline_tweets/venv/lib/python3.9/site-packages/airflow/example_dags/plugins/workday.py for tasks to queue
[2024-12-24 17:53:32,452] {logging_mixin.py:115} INFO - [2024-12-24 17:53:32,452] {dagbag.py:507} INFO - Filling up the DagBag from /home/arthur/pipeline_tweets/venv/lib/python3.9/site-packages/airflow/example_dags/plugins/workday.py
[2024-12-24 17:53:32,453] {processor.py:653} WARNING - No viable dags retrieved from /home/arthur/pipeline_tweets/venv/lib/python3.9/site-packages/airflow/example_dags/plugins/workday.py
[2024-12-24 17:53:32,461] {processor.py:161} INFO - Processing /home/arthur/pipeline_tweets/venv/lib/python3.9/site-packages/airflow/example_dags/plugins/workday.py took 0.012 seconds
[2024-12-24 17:53:50,487] {processor.py:153} INFO - Started process (PID=43957) to work on /home/arthur/pipeline_tweets/venv/lib/python3.9/site-packages/airflow/example_dags/plugins/workday.py
[2024-12-24 17:53:50,488] {processor.py:641} INFO - Processing file /home/arthur/pipeline_tweets/venv/lib/python3.9/site-packages/airflow/example_dags/plugins/workday.py for tasks to queue
[2024-12-24 17:53:50,488] {logging_mixin.py:115} INFO - [2024-12-24 17:53:50,488] {dagbag.py:507} INFO - Filling up the DagBag from /home/arthur/pipeline_tweets/venv/lib/python3.9/site-packages/airflow/example_dags/plugins/workday.py
[2024-12-24 17:53:50,490] {processor.py:653} WARNING - No viable dags retrieved from /home/arthur/pipeline_tweets/venv/lib/python3.9/site-packages/airflow/example_dags/plugins/workday.py
[2024-12-24 17:53:50,500] {processor.py:161} INFO - Processing /home/arthur/pipeline_tweets/venv/lib/python3.9/site-packages/airflow/example_dags/plugins/workday.py took 0.015 seconds
[2024-12-24 17:54:25,462] {processor.py:153} INFO - Started process (PID=44121) to work on /home/arthur/pipeline_tweets/venv/lib/python3.9/site-packages/airflow/example_dags/plugins/workday.py
[2024-12-24 17:54:25,462] {processor.py:641} INFO - Processing file /home/arthur/pipeline_tweets/venv/lib/python3.9/site-packages/airflow/example_dags/plugins/workday.py for tasks to queue
[2024-12-24 17:54:25,463] {logging_mixin.py:115} INFO - [2024-12-24 17:54:25,463] {dagbag.py:507} INFO - Filling up the DagBag from /home/arthur/pipeline_tweets/venv/lib/python3.9/site-packages/airflow/example_dags/plugins/workday.py
[2024-12-24 17:54:25,464] {processor.py:653} WARNING - No viable dags retrieved from /home/arthur/pipeline_tweets/venv/lib/python3.9/site-packages/airflow/example_dags/plugins/workday.py
[2024-12-24 17:54:25,472] {processor.py:161} INFO - Processing /home/arthur/pipeline_tweets/venv/lib/python3.9/site-packages/airflow/example_dags/plugins/workday.py took 0.012 seconds
[2024-12-24 17:54:55,844] {processor.py:153} INFO - Started process (PID=44365) to work on /home/arthur/pipeline_tweets/venv/lib/python3.9/site-packages/airflow/example_dags/plugins/workday.py
[2024-12-24 17:54:55,845] {processor.py:641} INFO - Processing file /home/arthur/pipeline_tweets/venv/lib/python3.9/site-packages/airflow/example_dags/plugins/workday.py for tasks to queue
[2024-12-24 17:54:55,845] {logging_mixin.py:115} INFO - [2024-12-24 17:54:55,845] {dagbag.py:507} INFO - Filling up the DagBag from /home/arthur/pipeline_tweets/venv/lib/python3.9/site-packages/airflow/example_dags/plugins/workday.py
[2024-12-24 17:54:55,846] {processor.py:653} WARNING - No viable dags retrieved from /home/arthur/pipeline_tweets/venv/lib/python3.9/site-packages/airflow/example_dags/plugins/workday.py
[2024-12-24 17:54:55,854] {processor.py:161} INFO - Processing /home/arthur/pipeline_tweets/venv/lib/python3.9/site-packages/airflow/example_dags/plugins/workday.py took 0.012 seconds
[2024-12-24 17:55:25,755] {processor.py:153} INFO - Started process (PID=44498) to work on /home/arthur/pipeline_tweets/venv/lib/python3.9/site-packages/airflow/example_dags/plugins/workday.py
[2024-12-24 17:55:25,756] {processor.py:641} INFO - Processing file /home/arthur/pipeline_tweets/venv/lib/python3.9/site-packages/airflow/example_dags/plugins/workday.py for tasks to queue
[2024-12-24 17:55:25,757] {logging_mixin.py:115} INFO - [2024-12-24 17:55:25,757] {dagbag.py:507} INFO - Filling up the DagBag from /home/arthur/pipeline_tweets/venv/lib/python3.9/site-packages/airflow/example_dags/plugins/workday.py
[2024-12-24 17:55:25,758] {processor.py:653} WARNING - No viable dags retrieved from /home/arthur/pipeline_tweets/venv/lib/python3.9/site-packages/airflow/example_dags/plugins/workday.py
[2024-12-24 17:55:25,768] {processor.py:161} INFO - Processing /home/arthur/pipeline_tweets/venv/lib/python3.9/site-packages/airflow/example_dags/plugins/workday.py took 0.016 seconds
[2024-12-24 17:55:56,599] {processor.py:153} INFO - Started process (PID=44663) to work on /home/arthur/pipeline_tweets/venv/lib/python3.9/site-packages/airflow/example_dags/plugins/workday.py
[2024-12-24 17:55:56,599] {processor.py:641} INFO - Processing file /home/arthur/pipeline_tweets/venv/lib/python3.9/site-packages/airflow/example_dags/plugins/workday.py for tasks to queue
[2024-12-24 17:55:56,599] {logging_mixin.py:115} INFO - [2024-12-24 17:55:56,599] {dagbag.py:507} INFO - Filling up the DagBag from /home/arthur/pipeline_tweets/venv/lib/python3.9/site-packages/airflow/example_dags/plugins/workday.py
[2024-12-24 17:55:56,601] {processor.py:653} WARNING - No viable dags retrieved from /home/arthur/pipeline_tweets/venv/lib/python3.9/site-packages/airflow/example_dags/plugins/workday.py
[2024-12-24 17:55:56,608] {processor.py:161} INFO - Processing /home/arthur/pipeline_tweets/venv/lib/python3.9/site-packages/airflow/example_dags/plugins/workday.py took 0.011 seconds
[2024-12-24 17:56:30,356] {processor.py:153} INFO - Started process (PID=44825) to work on /home/arthur/pipeline_tweets/venv/lib/python3.9/site-packages/airflow/example_dags/plugins/workday.py
[2024-12-24 17:56:30,357] {processor.py:641} INFO - Processing file /home/arthur/pipeline_tweets/venv/lib/python3.9/site-packages/airflow/example_dags/plugins/workday.py for tasks to queue
[2024-12-24 17:56:30,358] {logging_mixin.py:115} INFO - [2024-12-24 17:56:30,358] {dagbag.py:507} INFO - Filling up the DagBag from /home/arthur/pipeline_tweets/venv/lib/python3.9/site-packages/airflow/example_dags/plugins/workday.py
[2024-12-24 17:56:30,359] {processor.py:653} WARNING - No viable dags retrieved from /home/arthur/pipeline_tweets/venv/lib/python3.9/site-packages/airflow/example_dags/plugins/workday.py
[2024-12-24 17:56:30,367] {processor.py:161} INFO - Processing /home/arthur/pipeline_tweets/venv/lib/python3.9/site-packages/airflow/example_dags/plugins/workday.py took 0.013 seconds
[2024-12-24 17:57:02,238] {processor.py:153} INFO - Started process (PID=44967) to work on /home/arthur/pipeline_tweets/venv/lib/python3.9/site-packages/airflow/example_dags/plugins/workday.py
[2024-12-24 17:57:02,240] {processor.py:641} INFO - Processing file /home/arthur/pipeline_tweets/venv/lib/python3.9/site-packages/airflow/example_dags/plugins/workday.py for tasks to queue
[2024-12-24 17:57:02,240] {logging_mixin.py:115} INFO - [2024-12-24 17:57:02,240] {dagbag.py:507} INFO - Filling up the DagBag from /home/arthur/pipeline_tweets/venv/lib/python3.9/site-packages/airflow/example_dags/plugins/workday.py
[2024-12-24 17:57:02,242] {processor.py:653} WARNING - No viable dags retrieved from /home/arthur/pipeline_tweets/venv/lib/python3.9/site-packages/airflow/example_dags/plugins/workday.py
[2024-12-24 17:57:02,252] {processor.py:161} INFO - Processing /home/arthur/pipeline_tweets/venv/lib/python3.9/site-packages/airflow/example_dags/plugins/workday.py took 0.016 seconds
[2024-12-24 17:57:20,507] {processor.py:153} INFO - Started process (PID=45048) to work on /home/arthur/pipeline_tweets/venv/lib/python3.9/site-packages/airflow/example_dags/plugins/workday.py
[2024-12-24 17:57:20,507] {processor.py:641} INFO - Processing file /home/arthur/pipeline_tweets/venv/lib/python3.9/site-packages/airflow/example_dags/plugins/workday.py for tasks to queue
[2024-12-24 17:57:20,507] {logging_mixin.py:115} INFO - [2024-12-24 17:57:20,507] {dagbag.py:507} INFO - Filling up the DagBag from /home/arthur/pipeline_tweets/venv/lib/python3.9/site-packages/airflow/example_dags/plugins/workday.py
[2024-12-24 17:57:20,509] {processor.py:653} WARNING - No viable dags retrieved from /home/arthur/pipeline_tweets/venv/lib/python3.9/site-packages/airflow/example_dags/plugins/workday.py
[2024-12-24 17:57:20,516] {processor.py:161} INFO - Processing /home/arthur/pipeline_tweets/venv/lib/python3.9/site-packages/airflow/example_dags/plugins/workday.py took 0.012 seconds
[2024-12-24 17:57:54,632] {processor.py:153} INFO - Started process (PID=45239) to work on /home/arthur/pipeline_tweets/venv/lib/python3.9/site-packages/airflow/example_dags/plugins/workday.py
[2024-12-24 17:57:54,633] {processor.py:641} INFO - Processing file /home/arthur/pipeline_tweets/venv/lib/python3.9/site-packages/airflow/example_dags/plugins/workday.py for tasks to queue
[2024-12-24 17:57:54,633] {logging_mixin.py:115} INFO - [2024-12-24 17:57:54,633] {dagbag.py:507} INFO - Filling up the DagBag from /home/arthur/pipeline_tweets/venv/lib/python3.9/site-packages/airflow/example_dags/plugins/workday.py
[2024-12-24 17:57:54,635] {processor.py:653} WARNING - No viable dags retrieved from /home/arthur/pipeline_tweets/venv/lib/python3.9/site-packages/airflow/example_dags/plugins/workday.py
[2024-12-24 17:57:54,642] {processor.py:161} INFO - Processing /home/arthur/pipeline_tweets/venv/lib/python3.9/site-packages/airflow/example_dags/plugins/workday.py took 0.013 seconds
[2024-12-24 17:58:25,277] {processor.py:153} INFO - Started process (PID=45444) to work on /home/arthur/pipeline_tweets/venv/lib/python3.9/site-packages/airflow/example_dags/plugins/workday.py
[2024-12-24 17:58:25,278] {processor.py:641} INFO - Processing file /home/arthur/pipeline_tweets/venv/lib/python3.9/site-packages/airflow/example_dags/plugins/workday.py for tasks to queue
[2024-12-24 17:58:25,278] {logging_mixin.py:115} INFO - [2024-12-24 17:58:25,278] {dagbag.py:507} INFO - Filling up the DagBag from /home/arthur/pipeline_tweets/venv/lib/python3.9/site-packages/airflow/example_dags/plugins/workday.py
[2024-12-24 17:58:25,279] {processor.py:653} WARNING - No viable dags retrieved from /home/arthur/pipeline_tweets/venv/lib/python3.9/site-packages/airflow/example_dags/plugins/workday.py
[2024-12-24 17:58:25,287] {processor.py:161} INFO - Processing /home/arthur/pipeline_tweets/venv/lib/python3.9/site-packages/airflow/example_dags/plugins/workday.py took 0.013 seconds
[2024-12-24 17:58:57,429] {processor.py:153} INFO - Started process (PID=45665) to work on /home/arthur/pipeline_tweets/venv/lib/python3.9/site-packages/airflow/example_dags/plugins/workday.py
[2024-12-24 17:58:57,430] {processor.py:641} INFO - Processing file /home/arthur/pipeline_tweets/venv/lib/python3.9/site-packages/airflow/example_dags/plugins/workday.py for tasks to queue
[2024-12-24 17:58:57,430] {logging_mixin.py:115} INFO - [2024-12-24 17:58:57,430] {dagbag.py:507} INFO - Filling up the DagBag from /home/arthur/pipeline_tweets/venv/lib/python3.9/site-packages/airflow/example_dags/plugins/workday.py
[2024-12-24 17:58:57,432] {processor.py:653} WARNING - No viable dags retrieved from /home/arthur/pipeline_tweets/venv/lib/python3.9/site-packages/airflow/example_dags/plugins/workday.py
[2024-12-24 17:58:57,439] {processor.py:161} INFO - Processing /home/arthur/pipeline_tweets/venv/lib/python3.9/site-packages/airflow/example_dags/plugins/workday.py took 0.013 seconds
[2024-12-24 17:59:30,168] {processor.py:153} INFO - Started process (PID=45865) to work on /home/arthur/pipeline_tweets/venv/lib/python3.9/site-packages/airflow/example_dags/plugins/workday.py
[2024-12-24 17:59:30,168] {processor.py:641} INFO - Processing file /home/arthur/pipeline_tweets/venv/lib/python3.9/site-packages/airflow/example_dags/plugins/workday.py for tasks to queue
[2024-12-24 17:59:30,169] {logging_mixin.py:115} INFO - [2024-12-24 17:59:30,169] {dagbag.py:507} INFO - Filling up the DagBag from /home/arthur/pipeline_tweets/venv/lib/python3.9/site-packages/airflow/example_dags/plugins/workday.py
[2024-12-24 17:59:30,170] {processor.py:653} WARNING - No viable dags retrieved from /home/arthur/pipeline_tweets/venv/lib/python3.9/site-packages/airflow/example_dags/plugins/workday.py
[2024-12-24 17:59:30,179] {processor.py:161} INFO - Processing /home/arthur/pipeline_tweets/venv/lib/python3.9/site-packages/airflow/example_dags/plugins/workday.py took 0.013 seconds
[2024-12-24 18:00:04,366] {processor.py:153} INFO - Started process (PID=46075) to work on /home/arthur/pipeline_tweets/venv/lib/python3.9/site-packages/airflow/example_dags/plugins/workday.py
[2024-12-24 18:00:04,367] {processor.py:641} INFO - Processing file /home/arthur/pipeline_tweets/venv/lib/python3.9/site-packages/airflow/example_dags/plugins/workday.py for tasks to queue
[2024-12-24 18:00:04,368] {logging_mixin.py:115} INFO - [2024-12-24 18:00:04,367] {dagbag.py:507} INFO - Filling up the DagBag from /home/arthur/pipeline_tweets/venv/lib/python3.9/site-packages/airflow/example_dags/plugins/workday.py
[2024-12-24 18:00:04,369] {processor.py:653} WARNING - No viable dags retrieved from /home/arthur/pipeline_tweets/venv/lib/python3.9/site-packages/airflow/example_dags/plugins/workday.py
[2024-12-24 18:00:04,376] {processor.py:161} INFO - Processing /home/arthur/pipeline_tweets/venv/lib/python3.9/site-packages/airflow/example_dags/plugins/workday.py took 0.013 seconds
[2024-12-24 18:00:36,001] {processor.py:153} INFO - Started process (PID=46338) to work on /home/arthur/pipeline_tweets/venv/lib/python3.9/site-packages/airflow/example_dags/plugins/workday.py
[2024-12-24 18:00:36,001] {processor.py:641} INFO - Processing file /home/arthur/pipeline_tweets/venv/lib/python3.9/site-packages/airflow/example_dags/plugins/workday.py for tasks to queue
[2024-12-24 18:00:36,001] {logging_mixin.py:115} INFO - [2024-12-24 18:00:36,001] {dagbag.py:507} INFO - Filling up the DagBag from /home/arthur/pipeline_tweets/venv/lib/python3.9/site-packages/airflow/example_dags/plugins/workday.py
[2024-12-24 18:00:36,003] {processor.py:653} WARNING - No viable dags retrieved from /home/arthur/pipeline_tweets/venv/lib/python3.9/site-packages/airflow/example_dags/plugins/workday.py
[2024-12-24 18:00:36,011] {processor.py:161} INFO - Processing /home/arthur/pipeline_tweets/venv/lib/python3.9/site-packages/airflow/example_dags/plugins/workday.py took 0.013 seconds
[2024-12-24 18:01:07,706] {processor.py:153} INFO - Started process (PID=46472) to work on /home/arthur/pipeline_tweets/venv/lib/python3.9/site-packages/airflow/example_dags/plugins/workday.py
[2024-12-24 18:01:07,707] {processor.py:641} INFO - Processing file /home/arthur/pipeline_tweets/venv/lib/python3.9/site-packages/airflow/example_dags/plugins/workday.py for tasks to queue
[2024-12-24 18:01:07,707] {logging_mixin.py:115} INFO - [2024-12-24 18:01:07,707] {dagbag.py:507} INFO - Filling up the DagBag from /home/arthur/pipeline_tweets/venv/lib/python3.9/site-packages/airflow/example_dags/plugins/workday.py
[2024-12-24 18:01:07,708] {processor.py:653} WARNING - No viable dags retrieved from /home/arthur/pipeline_tweets/venv/lib/python3.9/site-packages/airflow/example_dags/plugins/workday.py
[2024-12-24 18:01:07,717] {processor.py:161} INFO - Processing /home/arthur/pipeline_tweets/venv/lib/python3.9/site-packages/airflow/example_dags/plugins/workday.py took 0.013 seconds
[2024-12-24 18:01:30,500] {processor.py:153} INFO - Started process (PID=46579) to work on /home/arthur/pipeline_tweets/venv/lib/python3.9/site-packages/airflow/example_dags/plugins/workday.py
[2024-12-24 18:01:30,500] {processor.py:641} INFO - Processing file /home/arthur/pipeline_tweets/venv/lib/python3.9/site-packages/airflow/example_dags/plugins/workday.py for tasks to queue
[2024-12-24 18:01:30,501] {logging_mixin.py:115} INFO - [2024-12-24 18:01:30,501] {dagbag.py:507} INFO - Filling up the DagBag from /home/arthur/pipeline_tweets/venv/lib/python3.9/site-packages/airflow/example_dags/plugins/workday.py
[2024-12-24 18:01:30,502] {processor.py:653} WARNING - No viable dags retrieved from /home/arthur/pipeline_tweets/venv/lib/python3.9/site-packages/airflow/example_dags/plugins/workday.py
[2024-12-24 18:01:30,509] {processor.py:161} INFO - Processing /home/arthur/pipeline_tweets/venv/lib/python3.9/site-packages/airflow/example_dags/plugins/workday.py took 0.011 seconds
